2025.11.10 15:01:44.429|Info|watchfolder_prores_encode|watchfolder_prores_encode|watchfolder_prores_encode: Starting Workflow
2025.11.10 15:01:44.430|Info|watchfolder_prores_encode|watchfolder_prores_encode|watchfolder_prores_encode Started
2025.11.10 15:01:44.430|Info|watchfolder_prores_encode|watchfolder_prores_encode|Rendering ingest
2025.11.10 15:01:44.438|Info|watchfolder_prores_encode|watchfolder_prores_encode|Rendering ProResConvertDNX_HS_4k_10bit_23fps_ST3SG2mov
2025.11.10 15:01:44.438|Info|watchfolder_prores_encode|watchfolder_prores_encode|Rendering S3Out
2025.11.10 15:01:44.632|Info|watchfolder_prores_encode|watchfolder_prores_encode|Rendering MoveProcessedFiles
2025.11.10 15:01:45.638|Info|watchfolder_prores_encode|watchfolder_prores_encode|watchfolder_prores_encode Finished
2025.11.10 15:01:45.649|Info|watchfolder_prores_encode|watchfolder_prores_encode|watchfolder_prores_encode: Workflow Successfully Finished
2025.11.10 15:02:09.736|Info|watchfolder_prores_encode|watchfolder_prores_encode|watchfolder_prores_encode: Starting Workflow
2025.11.10 15:02:09.737|Info|watchfolder_prores_encode|watchfolder_prores_encode|watchfolder_prores_encode Started
2025.11.10 15:02:09.738|Info|watchfolder_prores_encode|watchfolder_prores_encode|Rendering ingest
2025.11.10 15:02:09.798|Info|watchfolder_prores_encode|watchfolder_prores_encode|Rendering ProResConvertDNX_HS_4k_10bit_23fps_ST3SG2mov
2025.11.10 15:02:10.097|Info|watchfolder_prores_encode|ProResConvertDNX_HS_4k_10bit_23fps_ST3SG2mov|Processing Input File: /Volumes/konsistent/server/ed_test/mistika-testing/INPUT/ANOTHER_TOP_FOLDER/000_tst0010_bg01_v0001.mov?root=/Volumes/konsistent/server/ed_test/mistika-testing/INPUT/&format=[path][baseName][.frame][.ext]
2025.11.10 15:02:10.111|Info|watchfolder_prores_encode|ProResConvertDNX_HS_4k_10bit_23fps_ST3SG2mov|Processing Audio From File: /Volumes/konsistent/server/ed_test/mistika-testing/INPUT/ANOTHER_TOP_FOLDER/000_tst0010_bg01_v0001.mov?root=/Volumes/konsistent/server/ed_test/mistika-testing/INPUT/&format=[path][baseName][.frame][.ext]
2025.11.10 15:02:10.139|Info|watchfolder_prores_encode|ProResConvertDNX_HS_4k_10bit_23fps_ST3SG2mov|Transcoding from EDL: None
2025.11.10 15:02:10.139|Info|watchfolder_prores_encode|ProResConvertDNX_HS_4k_10bit_23fps_ST3SG2mov|Transcoding Info:From:000_tst0010_bg01_v0001:47.95:PQ SMPTE2084:Rec709:To:000_tst0010_bg01_v0001.mov:47.95:PQ SMPTE2084:Rec709:None
2025.11.10 15:03:28.592|Info|watchfolder_prores_encode|ProResConvertDNX_HS_4k_10bit_23fps_ST3SG2mov|Processing Input File: /Volumes/konsistent/server/ed_test/mistika-testing/INPUT/ANOTHER_TOP_FOLDER/FOLDER_2/FOLDER_3/000_tst0010_bg01_v0001.mov?root=/Volumes/konsistent/server/ed_test/mistika-testing/INPUT/&format=[path][baseName][.frame][.ext]
2025.11.10 15:03:28.634|Info|watchfolder_prores_encode|ProResConvertDNX_HS_4k_10bit_23fps_ST3SG2mov|Processing Audio From File: /Volumes/konsistent/server/ed_test/mistika-testing/INPUT/ANOTHER_TOP_FOLDER/FOLDER_2/FOLDER_3/000_tst0010_bg01_v0001.mov?root=/Volumes/konsistent/server/ed_test/mistika-testing/INPUT/&format=[path][baseName][.frame][.ext]
2025.11.10 15:03:28.660|Info|watchfolder_prores_encode|ProResConvertDNX_HS_4k_10bit_23fps_ST3SG2mov|Transcoding from EDL: None
2025.11.10 15:03:28.660|Info|watchfolder_prores_encode|ProResConvertDNX_HS_4k_10bit_23fps_ST3SG2mov|Transcoding Info:From:000_tst0010_bg01_v0001:47.95:PQ SMPTE2084:Rec709:To:000_tst0010_bg01_v0001.mov:47.95:PQ SMPTE2084:Rec709:None
2025.11.10 15:04:39.464|Info|watchfolder_prores_encode|ProResConvertDNX_HS_4k_10bit_23fps_ST3SG2mov|Processing Input File: /Volumes/konsistent/server/ed_test/mistika-testing/INPUT/ANOTHER_TOP_FOLDER/FOLDER_2/FOLDER_3/FOLDER_4/XR0001_20250313.ale?root=/Volumes/konsistent/server/ed_test/mistika-testing/INPUT/&format=[path][baseName][.frame][.ext]
2025.11.10 15:04:39.482|Critical Error|watchfolder_prores_encode|ProResConvertDNX_HS_4k_10bit_23fps_ST3SG2mov|input video not found
2025.11.10 15:04:39.482|Critical Error|watchfolder_prores_encode|ProResConvertDNX_HS_4k_10bit_23fps_ST3SG2mov|Unable to create Render Group
2025.11.10 15:04:39.482|Critical Error|watchfolder_prores_encode|ProResConvertDNX_HS_4k_10bit_23fps_ST3SG2mov|Unable to create Render Group
2025.11.10 15:04:39.488|Info|watchfolder_prores_encode|ProResConvertDNX_HS_4k_10bit_23fps_ST3SG2mov|Processing Input File: /Volumes/konsistent/server/ed_test/mistika-testing/INPUT/ANOTHER_TOP_FOLDER/FOLDER_2/FOLDER_3/FOLDER_4/tst0010_bg01_v0002.mov?root=/Volumes/konsistent/server/ed_test/mistika-testing/INPUT/&format=[path][baseName][.frame][.ext]
2025.11.10 15:04:39.521|Info|watchfolder_prores_encode|ProResConvertDNX_HS_4k_10bit_23fps_ST3SG2mov|Processing Audio From File: /Volumes/konsistent/server/ed_test/mistika-testing/INPUT/ANOTHER_TOP_FOLDER/FOLDER_2/FOLDER_3/FOLDER_4/tst0010_bg01_v0002.mov?root=/Volumes/konsistent/server/ed_test/mistika-testing/INPUT/&format=[path][baseName][.frame][.ext]
2025.11.10 15:04:39.541|Info|watchfolder_prores_encode|ProResConvertDNX_HS_4k_10bit_23fps_ST3SG2mov|Transcoding from EDL: None
2025.11.10 15:04:39.541|Info|watchfolder_prores_encode|ProResConvertDNX_HS_4k_10bit_23fps_ST3SG2mov|Transcoding Info:From:tst0010_bg01_v0002:47.95:PQ SMPTE2084:Rec709:To:tst0010_bg01_v0002.mov:47.95:PQ SMPTE2084:Rec709:None
2025.11.10 15:05:53.317|Info|watchfolder_prores_encode|ProResConvertDNX_HS_4k_10bit_23fps_ST3SG2mov|Processing Input File: /Volumes/konsistent/server/ed_test/mistika-testing/INPUT/ANOTHER_TOP_FOLDER/FOLDER_2/FOLDER_3/FOLDER_4/tst0010_bg01_v0002.png?root=/Volumes/konsistent/server/ed_test/mistika-testing/INPUT/&format=[path][baseName][.frame][.ext]
2025.11.10 15:05:53.367|Info|watchfolder_prores_encode|ProResConvertDNX_HS_4k_10bit_23fps_ST3SG2mov|Transcoding from EDL: None
2025.11.10 15:05:53.367|Info|watchfolder_prores_encode|ProResConvertDNX_HS_4k_10bit_23fps_ST3SG2mov|Transcoding Info:From:tst0010_bg01_v0002:23.98:None:None:To:tst0010_bg01_v0002.mov:23.98:None:None:None
2025.11.10 15:05:54.631|Info|watchfolder_prores_encode|ProResConvertDNX_HS_4k_10bit_23fps_ST3SG2mov|Processing Input File: /Volumes/konsistent/server/ed_test/mistika-testing/INPUT/ANOTHER_TOP_FOLDER/FOLDER_2/FOLDER_3/FOLDER_4/tst0020_cp01_v0002.mov?root=/Volumes/konsistent/server/ed_test/mistika-testing/INPUT/&format=[path][baseName][.frame][.ext]
2025.11.10 15:05:54.675|Info|watchfolder_prores_encode|ProResConvertDNX_HS_4k_10bit_23fps_ST3SG2mov|Processing Audio From File: /Volumes/konsistent/server/ed_test/mistika-testing/INPUT/ANOTHER_TOP_FOLDER/FOLDER_2/FOLDER_3/FOLDER_4/tst0020_cp01_v0002.mov?root=/Volumes/konsistent/server/ed_test/mistika-testing/INPUT/&format=[path][baseName][.frame][.ext]
2025.11.10 15:05:54.694|Info|watchfolder_prores_encode|ProResConvertDNX_HS_4k_10bit_23fps_ST3SG2mov|Transcoding from EDL: None
2025.11.10 15:05:54.694|Info|watchfolder_prores_encode|ProResConvertDNX_HS_4k_10bit_23fps_ST3SG2mov|Transcoding Info:From:tst0020_cp01_v0002:47.95:ItuBt 709:Rec709:To:tst0020_cp01_v0002.mov:47.95:ItuBt 709:Rec709:None
2025.11.10 15:06:03.282|Info|watchfolder_prores_encode|ProResConvertDNX_HS_4k_10bit_23fps_ST3SG2mov|Processing Input File: /Volumes/konsistent/server/ed_test/mistika-testing/INPUT/ANOTHER_TOP_FOLDER/FOLDER_2/FOLDER_3/FOLDER_4/tst0020_cp01_v0002.png?root=/Volumes/konsistent/server/ed_test/mistika-testing/INPUT/&format=[path][baseName][.frame][.ext]
2025.11.10 15:06:03.315|Info|watchfolder_prores_encode|ProResConvertDNX_HS_4k_10bit_23fps_ST3SG2mov|Transcoding from EDL: None
2025.11.10 15:06:03.315|Info|watchfolder_prores_encode|ProResConvertDNX_HS_4k_10bit_23fps_ST3SG2mov|Transcoding Info:From:tst0020_cp01_v0002:23.98:None:None:To:tst0020_cp01_v0002.mov:23.98:None:None:None
2025.11.10 15:06:04.479|Info|watchfolder_prores_encode|ProResConvertDNX_HS_4k_10bit_23fps_ST3SG2mov|Processing Input File: /Volumes/konsistent/server/ed_test/mistika-testing/INPUT/ANOTHER_TOP_FOLDER/FOLDER_2/FOLDER_3/FOLDER_4/tst0030_rf01_v0002.mov?root=/Volumes/konsistent/server/ed_test/mistika-testing/INPUT/&format=[path][baseName][.frame][.ext]
2025.11.10 15:06:04.519|Info|watchfolder_prores_encode|ProResConvertDNX_HS_4k_10bit_23fps_ST3SG2mov|Processing Audio From File: /Volumes/konsistent/server/ed_test/mistika-testing/INPUT/ANOTHER_TOP_FOLDER/FOLDER_2/FOLDER_3/FOLDER_4/tst0030_rf01_v0002.mov?root=/Volumes/konsistent/server/ed_test/mistika-testing/INPUT/&format=[path][baseName][.frame][.ext]
2025.11.10 15:06:04.536|Info|watchfolder_prores_encode|ProResConvertDNX_HS_4k_10bit_23fps_ST3SG2mov|Transcoding from EDL: None
2025.11.10 15:06:04.536|Info|watchfolder_prores_encode|ProResConvertDNX_HS_4k_10bit_23fps_ST3SG2mov|Transcoding Info:From:tst0030_rf01_v0002:47.95:ItuBt 709:Rec709:To:tst0030_rf01_v0002.mov:47.95:ItuBt 709:Rec709:None
2025.11.10 15:06:13.683|Info|watchfolder_prores_encode|ProResConvertDNX_HS_4k_10bit_23fps_ST3SG2mov|Processing Input File: /Volumes/konsistent/server/ed_test/mistika-testing/INPUT/ANOTHER_TOP_FOLDER/FOLDER_2/FOLDER_3/FOLDER_4/tst0030_rf01_v0002.png?root=/Volumes/konsistent/server/ed_test/mistika-testing/INPUT/&format=[path][baseName][.frame][.ext]
2025.11.10 15:06:13.722|Info|watchfolder_prores_encode|ProResConvertDNX_HS_4k_10bit_23fps_ST3SG2mov|Transcoding from EDL: None
2025.11.10 15:06:13.722|Info|watchfolder_prores_encode|ProResConvertDNX_HS_4k_10bit_23fps_ST3SG2mov|Transcoding Info:From:tst0030_rf01_v0002:23.98:None:None:To:tst0030_rf01_v0002.mov:23.98:None:None:None
2025.11.10 15:06:14.888|Info|watchfolder_prores_encode|ProResConvertDNX_HS_4k_10bit_23fps_ST3SG2mov|Processing Input File: /Volumes/konsistent/server/ed_test/mistika-testing/INPUT/ANOTHER_TOP_FOLDER/FOLDER_2/FOLDER_3/XR0001_20250312.ale?root=/Volumes/konsistent/server/ed_test/mistika-testing/INPUT/&format=[path][baseName][.frame][.ext]
2025.11.10 15:06:14.897|Critical Error|watchfolder_prores_encode|ProResConvertDNX_HS_4k_10bit_23fps_ST3SG2mov|input video not found
2025.11.10 15:06:14.897|Critical Error|watchfolder_prores_encode|ProResConvertDNX_HS_4k_10bit_23fps_ST3SG2mov|Unable to create Render Group
2025.11.10 15:06:14.898|Critical Error|watchfolder_prores_encode|ProResConvertDNX_HS_4k_10bit_23fps_ST3SG2mov|Unable to create Render Group
2025.11.10 15:06:14.906|Info|watchfolder_prores_encode|ProResConvertDNX_HS_4k_10bit_23fps_ST3SG2mov|Processing Input File: /Volumes/konsistent/server/ed_test/mistika-testing/INPUT/ANOTHER_TOP_FOLDER/FOLDER_2/FOLDER_3/tst0010_bg01_v0001.png?root=/Volumes/konsistent/server/ed_test/mistika-testing/INPUT/&format=[path][baseName][.frame][.ext]
2025.11.10 15:06:14.955|Info|watchfolder_prores_encode|ProResConvertDNX_HS_4k_10bit_23fps_ST3SG2mov|Transcoding from EDL: None
2025.11.10 15:06:14.955|Info|watchfolder_prores_encode|ProResConvertDNX_HS_4k_10bit_23fps_ST3SG2mov|Transcoding Info:From:tst0010_bg01_v0001:23.98:None:None:To:tst0010_bg01_v0001.mov:23.98:None:None:None
2025.11.10 15:06:16.251|Info|watchfolder_prores_encode|ProResConvertDNX_HS_4k_10bit_23fps_ST3SG2mov|Processing Input File: /Volumes/konsistent/server/ed_test/mistika-testing/INPUT/ANOTHER_TOP_FOLDER/FOLDER_2/FOLDER_3/tst0020_cp01_v0001.mov?root=/Volumes/konsistent/server/ed_test/mistika-testing/INPUT/&format=[path][baseName][.frame][.ext]
2025.11.10 15:06:16.289|Info|watchfolder_prores_encode|ProResConvertDNX_HS_4k_10bit_23fps_ST3SG2mov|Processing Audio From File: /Volumes/konsistent/server/ed_test/mistika-testing/INPUT/ANOTHER_TOP_FOLDER/FOLDER_2/FOLDER_3/tst0020_cp01_v0001.mov?root=/Volumes/konsistent/server/ed_test/mistika-testing/INPUT/&format=[path][baseName][.frame][.ext]
2025.11.10 15:06:16.302|Info|watchfolder_prores_encode|ProResConvertDNX_HS_4k_10bit_23fps_ST3SG2mov|Transcoding from EDL: None
2025.11.10 15:06:16.302|Info|watchfolder_prores_encode|ProResConvertDNX_HS_4k_10bit_23fps_ST3SG2mov|Transcoding Info:From:tst0020_cp01_v0001:47.95:ItuBt 709:Rec709:To:tst0020_cp01_v0001.mov:47.95:ItuBt 709:Rec709:None
2025.11.10 15:06:25.038|Info|watchfolder_prores_encode|ProResConvertDNX_HS_4k_10bit_23fps_ST3SG2mov|Processing Input File: /Volumes/konsistent/server/ed_test/mistika-testing/INPUT/ANOTHER_TOP_FOLDER/FOLDER_2/FOLDER_3/tst0020_cp01_v0001.png?root=/Volumes/konsistent/server/ed_test/mistika-testing/INPUT/&format=[path][baseName][.frame][.ext]
2025.11.10 15:06:25.073|Info|watchfolder_prores_encode|ProResConvertDNX_HS_4k_10bit_23fps_ST3SG2mov|Transcoding from EDL: None
2025.11.10 15:06:25.073|Info|watchfolder_prores_encode|ProResConvertDNX_HS_4k_10bit_23fps_ST3SG2mov|Transcoding Info:From:tst0020_cp01_v0001:23.98:None:None:To:tst0020_cp01_v0001.mov:23.98:None:None:None
2025.11.10 15:06:26.340|Info|watchfolder_prores_encode|ProResConvertDNX_HS_4k_10bit_23fps_ST3SG2mov|Processing Input File: /Volumes/konsistent/server/ed_test/mistika-testing/INPUT/ANOTHER_TOP_FOLDER/FOLDER_2/FOLDER_3/tst0030_rf01_v0001.mov?root=/Volumes/konsistent/server/ed_test/mistika-testing/INPUT/&format=[path][baseName][.frame][.ext]
2025.11.10 15:06:26.388|Info|watchfolder_prores_encode|ProResConvertDNX_HS_4k_10bit_23fps_ST3SG2mov|Processing Audio From File: /Volumes/konsistent/server/ed_test/mistika-testing/INPUT/ANOTHER_TOP_FOLDER/FOLDER_2/FOLDER_3/tst0030_rf01_v0001.mov?root=/Volumes/konsistent/server/ed_test/mistika-testing/INPUT/&format=[path][baseName][.frame][.ext]
2025.11.10 15:06:26.403|Info|watchfolder_prores_encode|ProResConvertDNX_HS_4k_10bit_23fps_ST3SG2mov|Transcoding from EDL: None
2025.11.10 15:06:26.403|Info|watchfolder_prores_encode|ProResConvertDNX_HS_4k_10bit_23fps_ST3SG2mov|Transcoding Info:From:tst0030_rf01_v0001:47.95:ItuBt 709:Rec709:To:tst0030_rf01_v0001.mov:47.95:ItuBt 709:Rec709:None
2025.11.10 15:06:34.596|Info|watchfolder_prores_encode|ProResConvertDNX_HS_4k_10bit_23fps_ST3SG2mov|Processing Input File: /Volumes/konsistent/server/ed_test/mistika-testing/INPUT/ANOTHER_TOP_FOLDER/FOLDER_2/FOLDER_3/tst0030_rf01_v0001.png?root=/Volumes/konsistent/server/ed_test/mistika-testing/INPUT/&format=[path][baseName][.frame][.ext]
2025.11.10 15:06:34.632|Info|watchfolder_prores_encode|ProResConvertDNX_HS_4k_10bit_23fps_ST3SG2mov|Transcoding from EDL: None
2025.11.10 15:06:34.632|Info|watchfolder_prores_encode|ProResConvertDNX_HS_4k_10bit_23fps_ST3SG2mov|Transcoding Info:From:tst0030_rf01_v0001:23.98:None:None:To:tst0030_rf01_v0001.mov:23.98:None:None:None
2025.11.10 15:06:35.795|Info|watchfolder_prores_encode|ProResConvertDNX_HS_4k_10bit_23fps_ST3SG2mov|Processing Input File: /Volumes/konsistent/server/ed_test/mistika-testing/INPUT/ANOTHER_TOP_FOLDER/FOLDER_2/XR0001_20250313.ale?root=/Volumes/konsistent/server/ed_test/mistika-testing/INPUT/&format=[path][baseName][.frame][.ext]
2025.11.10 15:06:35.802|Critical Error|watchfolder_prores_encode|ProResConvertDNX_HS_4k_10bit_23fps_ST3SG2mov|input video not found
2025.11.10 15:06:35.802|Critical Error|watchfolder_prores_encode|ProResConvertDNX_HS_4k_10bit_23fps_ST3SG2mov|Unable to create Render Group
2025.11.10 15:06:35.802|Critical Error|watchfolder_prores_encode|ProResConvertDNX_HS_4k_10bit_23fps_ST3SG2mov|Unable to create Render Group
2025.11.10 15:06:35.809|Info|watchfolder_prores_encode|ProResConvertDNX_HS_4k_10bit_23fps_ST3SG2mov|Processing Input File: /Volumes/konsistent/server/ed_test/mistika-testing/INPUT/ANOTHER_TOP_FOLDER/FOLDER_2/tst0010_bg01_v0002.mov?root=/Volumes/konsistent/server/ed_test/mistika-testing/INPUT/&format=[path][baseName][.frame][.ext]
2025.11.10 15:06:35.858|Info|watchfolder_prores_encode|ProResConvertDNX_HS_4k_10bit_23fps_ST3SG2mov|Processing Audio From File: /Volumes/konsistent/server/ed_test/mistika-testing/INPUT/ANOTHER_TOP_FOLDER/FOLDER_2/tst0010_bg01_v0002.mov?root=/Volumes/konsistent/server/ed_test/mistika-testing/INPUT/&format=[path][baseName][.frame][.ext]
2025.11.10 15:06:35.892|Info|watchfolder_prores_encode|ProResConvertDNX_HS_4k_10bit_23fps_ST3SG2mov|Transcoding from EDL: None
2025.11.10 15:06:35.892|Info|watchfolder_prores_encode|ProResConvertDNX_HS_4k_10bit_23fps_ST3SG2mov|Transcoding Info:From:tst0010_bg01_v0002:47.95:PQ SMPTE2084:Rec709:To:tst0010_bg01_v0002.mov:47.95:PQ SMPTE2084:Rec709:None
2025.11.10 15:08:16.149|Info|watchfolder_prores_encode|ProResConvertDNX_HS_4k_10bit_23fps_ST3SG2mov|Processing Input File: /Volumes/konsistent/server/ed_test/mistika-testing/INPUT/ANOTHER_TOP_FOLDER/FOLDER_2/tst0010_bg01_v0002.png?root=/Volumes/konsistent/server/ed_test/mistika-testing/INPUT/&format=[path][baseName][.frame][.ext]
2025.11.10 15:08:16.193|Info|watchfolder_prores_encode|ProResConvertDNX_HS_4k_10bit_23fps_ST3SG2mov|Transcoding from EDL: None
2025.11.10 15:08:16.193|Info|watchfolder_prores_encode|ProResConvertDNX_HS_4k_10bit_23fps_ST3SG2mov|Transcoding Info:From:tst0010_bg01_v0002:23.98:None:None:To:tst0010_bg01_v0002.mov:23.98:None:None:None
2025.11.10 15:08:19.103|Info|watchfolder_prores_encode|ProResConvertDNX_HS_4k_10bit_23fps_ST3SG2mov|Processing Input File: /Volumes/konsistent/server/ed_test/mistika-testing/INPUT/ANOTHER_TOP_FOLDER/FOLDER_2/tst0020_cp01_v0002.mov?root=/Volumes/konsistent/server/ed_test/mistika-testing/INPUT/&format=[path][baseName][.frame][.ext]
2025.11.10 15:08:19.141|Info|watchfolder_prores_encode|ProResConvertDNX_HS_4k_10bit_23fps_ST3SG2mov|Processing Audio From File: /Volumes/konsistent/server/ed_test/mistika-testing/INPUT/ANOTHER_TOP_FOLDER/FOLDER_2/tst0020_cp01_v0002.mov?root=/Volumes/konsistent/server/ed_test/mistika-testing/INPUT/&format=[path][baseName][.frame][.ext]
2025.11.10 15:08:19.155|Info|watchfolder_prores_encode|ProResConvertDNX_HS_4k_10bit_23fps_ST3SG2mov|Transcoding from EDL: None
2025.11.10 15:08:19.155|Info|watchfolder_prores_encode|ProResConvertDNX_HS_4k_10bit_23fps_ST3SG2mov|Transcoding Info:From:tst0020_cp01_v0002:47.95:ItuBt 709:Rec709:To:tst0020_cp01_v0002.mov:47.95:ItuBt 709:Rec709:None
2025.11.10 15:08:27.323|Info|watchfolder_prores_encode|ProResConvertDNX_HS_4k_10bit_23fps_ST3SG2mov|Processing Input File: /Volumes/konsistent/server/ed_test/mistika-testing/INPUT/ANOTHER_TOP_FOLDER/FOLDER_2/tst0020_cp01_v0002.png?root=/Volumes/konsistent/server/ed_test/mistika-testing/INPUT/&format=[path][baseName][.frame][.ext]
2025.11.10 15:08:27.355|Info|watchfolder_prores_encode|ProResConvertDNX_HS_4k_10bit_23fps_ST3SG2mov|Transcoding from EDL: None
2025.11.10 15:08:27.355|Info|watchfolder_prores_encode|ProResConvertDNX_HS_4k_10bit_23fps_ST3SG2mov|Transcoding Info:From:tst0020_cp01_v0002:23.98:None:None:To:tst0020_cp01_v0002.mov:23.98:None:None:None
2025.11.10 15:08:29.546|Info|watchfolder_prores_encode|ProResConvertDNX_HS_4k_10bit_23fps_ST3SG2mov|Processing Input File: /Volumes/konsistent/server/ed_test/mistika-testing/INPUT/ANOTHER_TOP_FOLDER/FOLDER_2/tst0030_rf01_v0002.mov?root=/Volumes/konsistent/server/ed_test/mistika-testing/INPUT/&format=[path][baseName][.frame][.ext]
2025.11.10 15:08:29.578|Info|watchfolder_prores_encode|ProResConvertDNX_HS_4k_10bit_23fps_ST3SG2mov|Processing Audio From File: /Volumes/konsistent/server/ed_test/mistika-testing/INPUT/ANOTHER_TOP_FOLDER/FOLDER_2/tst0030_rf01_v0002.mov?root=/Volumes/konsistent/server/ed_test/mistika-testing/INPUT/&format=[path][baseName][.frame][.ext]
2025.11.10 15:08:29.591|Info|watchfolder_prores_encode|ProResConvertDNX_HS_4k_10bit_23fps_ST3SG2mov|Transcoding from EDL: None
2025.11.10 15:08:29.591|Info|watchfolder_prores_encode|ProResConvertDNX_HS_4k_10bit_23fps_ST3SG2mov|Transcoding Info:From:tst0030_rf01_v0002:47.95:ItuBt 709:Rec709:To:tst0030_rf01_v0002.mov:47.95:ItuBt 709:Rec709:None
2025.11.10 15:08:36.441|Info|watchfolder_prores_encode|ProResConvertDNX_HS_4k_10bit_23fps_ST3SG2mov|Processing Input File: /Volumes/konsistent/server/ed_test/mistika-testing/INPUT/ANOTHER_TOP_FOLDER/FOLDER_2/tst0030_rf01_v0002.png?root=/Volumes/konsistent/server/ed_test/mistika-testing/INPUT/&format=[path][baseName][.frame][.ext]
2025.11.10 15:08:36.483|Info|watchfolder_prores_encode|ProResConvertDNX_HS_4k_10bit_23fps_ST3SG2mov|Transcoding from EDL: None
2025.11.10 15:08:36.483|Info|watchfolder_prores_encode|ProResConvertDNX_HS_4k_10bit_23fps_ST3SG2mov|Transcoding Info:From:tst0030_rf01_v0002:23.98:None:None:To:tst0030_rf01_v0002.mov:23.98:None:None:None
2025.11.10 15:08:38.257|Info|watchfolder_prores_encode|ProResConvertDNX_HS_4k_10bit_23fps_ST3SG2mov|Processing Input File: /Volumes/konsistent/server/ed_test/mistika-testing/INPUT/ANOTHER_TOP_FOLDER/XR0001_20250312.ale?root=/Volumes/konsistent/server/ed_test/mistika-testing/INPUT/&format=[path][baseName][.frame][.ext]
2025.11.10 15:08:38.271|Critical Error|watchfolder_prores_encode|ProResConvertDNX_HS_4k_10bit_23fps_ST3SG2mov|input video not found
2025.11.10 15:08:38.272|Critical Error|watchfolder_prores_encode|ProResConvertDNX_HS_4k_10bit_23fps_ST3SG2mov|Unable to create Render Group
2025.11.10 15:08:38.272|Critical Error|watchfolder_prores_encode|ProResConvertDNX_HS_4k_10bit_23fps_ST3SG2mov|Unable to create Render Group
2025.11.10 15:08:38.277|Info|watchfolder_prores_encode|ProResConvertDNX_HS_4k_10bit_23fps_ST3SG2mov|Processing Input File: /Volumes/konsistent/server/ed_test/mistika-testing/INPUT/ANOTHER_TOP_FOLDER/tst0010_bg01_v0001.png?root=/Volumes/konsistent/server/ed_test/mistika-testing/INPUT/&format=[path][baseName][.frame][.ext]
2025.11.10 15:08:38.317|Info|watchfolder_prores_encode|ProResConvertDNX_HS_4k_10bit_23fps_ST3SG2mov|Transcoding from EDL: None
2025.11.10 15:08:38.317|Info|watchfolder_prores_encode|ProResConvertDNX_HS_4k_10bit_23fps_ST3SG2mov|Transcoding Info:From:tst0010_bg01_v0001:23.98:None:None:To:tst0010_bg01_v0001.mov:23.98:None:None:None
2025.11.10 15:08:39.484|Info|watchfolder_prores_encode|ProResConvertDNX_HS_4k_10bit_23fps_ST3SG2mov|Processing Input File: /Volumes/konsistent/server/ed_test/mistika-testing/INPUT/ANOTHER_TOP_FOLDER/tst0020_cp01_v0001.mov?root=/Volumes/konsistent/server/ed_test/mistika-testing/INPUT/&format=[path][baseName][.frame][.ext]
2025.11.10 15:08:39.517|Info|watchfolder_prores_encode|ProResConvertDNX_HS_4k_10bit_23fps_ST3SG2mov|Processing Audio From File: /Volumes/konsistent/server/ed_test/mistika-testing/INPUT/ANOTHER_TOP_FOLDER/tst0020_cp01_v0001.mov?root=/Volumes/konsistent/server/ed_test/mistika-testing/INPUT/&format=[path][baseName][.frame][.ext]
2025.11.10 15:08:39.532|Info|watchfolder_prores_encode|ProResConvertDNX_HS_4k_10bit_23fps_ST3SG2mov|Transcoding from EDL: None
2025.11.10 15:08:39.532|Info|watchfolder_prores_encode|ProResConvertDNX_HS_4k_10bit_23fps_ST3SG2mov|Transcoding Info:From:tst0020_cp01_v0001:47.95:ItuBt 709:Rec709:To:tst0020_cp01_v0001.mov:47.95:ItuBt 709:Rec709:None
2025.11.10 15:08:46.691|Info|watchfolder_prores_encode|ProResConvertDNX_HS_4k_10bit_23fps_ST3SG2mov|Processing Input File: /Volumes/konsistent/server/ed_test/mistika-testing/INPUT/ANOTHER_TOP_FOLDER/tst0020_cp01_v0001.png?root=/Volumes/konsistent/server/ed_test/mistika-testing/INPUT/&format=[path][baseName][.frame][.ext]
2025.11.10 15:08:46.731|Info|watchfolder_prores_encode|ProResConvertDNX_HS_4k_10bit_23fps_ST3SG2mov|Transcoding from EDL: None
2025.11.10 15:08:46.731|Info|watchfolder_prores_encode|ProResConvertDNX_HS_4k_10bit_23fps_ST3SG2mov|Transcoding Info:From:tst0020_cp01_v0001:23.98:None:None:To:tst0020_cp01_v0001.mov:23.98:None:None:None
2025.11.10 15:08:48.293|Info|watchfolder_prores_encode|ProResConvertDNX_HS_4k_10bit_23fps_ST3SG2mov|Processing Input File: /Volumes/konsistent/server/ed_test/mistika-testing/INPUT/ANOTHER_TOP_FOLDER/tst0030_rf01_v0001.mov?root=/Volumes/konsistent/server/ed_test/mistika-testing/INPUT/&format=[path][baseName][.frame][.ext]
2025.11.10 15:08:48.344|Info|watchfolder_prores_encode|ProResConvertDNX_HS_4k_10bit_23fps_ST3SG2mov|Processing Audio From File: /Volumes/konsistent/server/ed_test/mistika-testing/INPUT/ANOTHER_TOP_FOLDER/tst0030_rf01_v0001.mov?root=/Volumes/konsistent/server/ed_test/mistika-testing/INPUT/&format=[path][baseName][.frame][.ext]
2025.11.10 15:08:48.363|Info|watchfolder_prores_encode|ProResConvertDNX_HS_4k_10bit_23fps_ST3SG2mov|Transcoding from EDL: None
2025.11.10 15:08:48.363|Info|watchfolder_prores_encode|ProResConvertDNX_HS_4k_10bit_23fps_ST3SG2mov|Transcoding Info:From:tst0030_rf01_v0001:47.95:ItuBt 709:Rec709:To:tst0030_rf01_v0001.mov:47.95:ItuBt 709:Rec709:None
2025.11.10 15:08:55.507|Info|watchfolder_prores_encode|ProResConvertDNX_HS_4k_10bit_23fps_ST3SG2mov|Processing Input File: /Volumes/konsistent/server/ed_test/mistika-testing/INPUT/ANOTHER_TOP_FOLDER/tst0030_rf01_v0001.png?root=/Volumes/konsistent/server/ed_test/mistika-testing/INPUT/&format=[path][baseName][.frame][.ext]
2025.11.10 15:08:55.537|Info|watchfolder_prores_encode|ProResConvertDNX_HS_4k_10bit_23fps_ST3SG2mov|Transcoding from EDL: None
2025.11.10 15:08:55.537|Info|watchfolder_prores_encode|ProResConvertDNX_HS_4k_10bit_23fps_ST3SG2mov|Transcoding Info:From:tst0030_rf01_v0001:23.98:None:None:To:tst0030_rf01_v0001.mov:23.98:None:None:None
2025.11.10 15:08:56.788|Info|watchfolder_prores_encode|watchfolder_prores_encode|Rendering S3Out
2025.11.10 15:09:04.437|Info|watchfolder_prores_encode|watchfolder_prores_encode|Rendering MoveProcessedFiles
2025.11.10 15:09:05.722|Info|watchfolder_prores_encode|watchfolder_prores_encode|watchfolder_prores_encode Finished
2025.11.10 15:09:05.732|Info|watchfolder_prores_encode|watchfolder_prores_encode|watchfolder_prores_encode: Workflow Failed
2025.11.10 15:30:40.817|Info|watchfolder_prores_encode|watchfolder_prores_encode|watchfolder_prores_encode: Starting Workflow
2025.11.10 15:30:40.819|Info|watchfolder_prores_encode|watchfolder_prores_encode|watchfolder_prores_encode Started
2025.11.10 15:30:40.819|Info|watchfolder_prores_encode|watchfolder_prores_encode|Rendering ingest
2025.11.10 15:30:40.876|Info|watchfolder_prores_encode|watchfolder_prores_encode|Rendering ProResConvertDNX_HS_4k_10bit_23fps_ST3SG2mov
2025.11.10 15:30:41.199|Info|watchfolder_prores_encode|ProResConvertDNX_HS_4k_10bit_23fps_ST3SG2mov|Processing Input File: /Volumes/konsistent/server/ed_test/mistika-testing/INPUT/ANOTHER_TOP_FOLDER/000_tst0010_bg01_v0001.mov?root=/Volumes/konsistent/server/ed_test/mistika-testing/INPUT/&format=[path][baseName][.frame][.ext]
2025.11.10 15:30:41.224|Info|watchfolder_prores_encode|ProResConvertDNX_HS_4k_10bit_23fps_ST3SG2mov|Processing Audio From File: /Volumes/konsistent/server/ed_test/mistika-testing/INPUT/ANOTHER_TOP_FOLDER/000_tst0010_bg01_v0001.mov?root=/Volumes/konsistent/server/ed_test/mistika-testing/INPUT/&format=[path][baseName][.frame][.ext]
2025.11.10 15:30:41.243|Info|watchfolder_prores_encode|ProResConvertDNX_HS_4k_10bit_23fps_ST3SG2mov|Transcoding from EDL: None
2025.11.10 15:30:41.243|Info|watchfolder_prores_encode|ProResConvertDNX_HS_4k_10bit_23fps_ST3SG2mov|Transcoding Info:From:000_tst0010_bg01_v0001:47.95:PQ SMPTE2084:Rec709:To:000_tst0010_bg01_v0001.mov:47.95:PQ SMPTE2084:Rec709:None
2025.11.10 15:31:42.750|Info|watchfolder_prores_encode|ProResConvertDNX_HS_4k_10bit_23fps_ST3SG2mov|Processing Input File: /Volumes/konsistent/server/ed_test/mistika-testing/INPUT/ANOTHER_TOP_FOLDER/FOLDER_2/FOLDER_3/000_tst0010_bg01_v0001.mov?root=/Volumes/konsistent/server/ed_test/mistika-testing/INPUT/&format=[path][baseName][.frame][.ext]
2025.11.10 15:31:42.805|Info|watchfolder_prores_encode|ProResConvertDNX_HS_4k_10bit_23fps_ST3SG2mov|Processing Audio From File: /Volumes/konsistent/server/ed_test/mistika-testing/INPUT/ANOTHER_TOP_FOLDER/FOLDER_2/FOLDER_3/000_tst0010_bg01_v0001.mov?root=/Volumes/konsistent/server/ed_test/mistika-testing/INPUT/&format=[path][baseName][.frame][.ext]
2025.11.10 15:31:42.848|Info|watchfolder_prores_encode|ProResConvertDNX_HS_4k_10bit_23fps_ST3SG2mov|Transcoding from EDL: None
2025.11.10 15:31:42.848|Info|watchfolder_prores_encode|ProResConvertDNX_HS_4k_10bit_23fps_ST3SG2mov|Transcoding Info:From:000_tst0010_bg01_v0001:47.95:PQ SMPTE2084:Rec709:To:000_tst0010_bg01_v0001.mov:47.95:PQ SMPTE2084:Rec709:None
2025.11.10 15:32:47.361|Info|watchfolder_prores_encode|ProResConvertDNX_HS_4k_10bit_23fps_ST3SG2mov|Processing Input File: /Volumes/konsistent/server/ed_test/mistika-testing/INPUT/ANOTHER_TOP_FOLDER/FOLDER_2/FOLDER_3/FOLDER_4/XR0001_20250313.ale?root=/Volumes/konsistent/server/ed_test/mistika-testing/INPUT/&format=[path][baseName][.frame][.ext]
2025.11.10 15:32:47.374|Critical Error|watchfolder_prores_encode|ProResConvertDNX_HS_4k_10bit_23fps_ST3SG2mov|input video not found
2025.11.10 15:32:47.375|Critical Error|watchfolder_prores_encode|ProResConvertDNX_HS_4k_10bit_23fps_ST3SG2mov|Unable to create Render Group
2025.11.10 15:32:47.375|Critical Error|watchfolder_prores_encode|ProResConvertDNX_HS_4k_10bit_23fps_ST3SG2mov|Unable to create Render Group
2025.11.10 15:32:47.384|Info|watchfolder_prores_encode|ProResConvertDNX_HS_4k_10bit_23fps_ST3SG2mov|Processing Input File: /Volumes/konsistent/server/ed_test/mistika-testing/INPUT/ANOTHER_TOP_FOLDER/FOLDER_2/FOLDER_3/FOLDER_4/tst0010_bg01_v0002.mov?root=/Volumes/konsistent/server/ed_test/mistika-testing/INPUT/&format=[path][baseName][.frame][.ext]
2025.11.10 15:32:47.450|Info|watchfolder_prores_encode|ProResConvertDNX_HS_4k_10bit_23fps_ST3SG2mov|Processing Audio From File: /Volumes/konsistent/server/ed_test/mistika-testing/INPUT/ANOTHER_TOP_FOLDER/FOLDER_2/FOLDER_3/FOLDER_4/tst0010_bg01_v0002.mov?root=/Volumes/konsistent/server/ed_test/mistika-testing/INPUT/&format=[path][baseName][.frame][.ext]
2025.11.10 15:32:47.482|Info|watchfolder_prores_encode|ProResConvertDNX_HS_4k_10bit_23fps_ST3SG2mov|Transcoding from EDL: None
2025.11.10 15:32:47.483|Info|watchfolder_prores_encode|ProResConvertDNX_HS_4k_10bit_23fps_ST3SG2mov|Transcoding Info:From:tst0010_bg01_v0002:47.95:PQ SMPTE2084:Rec709:To:tst0010_bg01_v0002.mov:47.95:PQ SMPTE2084:Rec709:None
2025.11.10 15:34:03.544|Info|watchfolder_prores_encode|ProResConvertDNX_HS_4k_10bit_23fps_ST3SG2mov|Processing Input File: /Volumes/konsistent/server/ed_test/mistika-testing/INPUT/ANOTHER_TOP_FOLDER/FOLDER_2/FOLDER_3/FOLDER_4/tst0010_bg01_v0002.png?root=/Volumes/konsistent/server/ed_test/mistika-testing/INPUT/&format=[path][baseName][.frame][.ext]
2025.11.10 15:34:03.630|Info|watchfolder_prores_encode|ProResConvertDNX_HS_4k_10bit_23fps_ST3SG2mov|Transcoding from EDL: None
2025.11.10 15:34:03.630|Info|watchfolder_prores_encode|ProResConvertDNX_HS_4k_10bit_23fps_ST3SG2mov|Transcoding Info:From:tst0010_bg01_v0002:23.98:None:None:To:tst0010_bg01_v0002.mov:23.98:None:None:None
2025.11.10 15:34:04.995|Info|watchfolder_prores_encode|ProResConvertDNX_HS_4k_10bit_23fps_ST3SG2mov|Processing Input File: /Volumes/konsistent/server/ed_test/mistika-testing/INPUT/ANOTHER_TOP_FOLDER/FOLDER_2/FOLDER_3/FOLDER_4/tst0020_cp01_v0002.mov?root=/Volumes/konsistent/server/ed_test/mistika-testing/INPUT/&format=[path][baseName][.frame][.ext]
2025.11.10 15:34:05.046|Info|watchfolder_prores_encode|ProResConvertDNX_HS_4k_10bit_23fps_ST3SG2mov|Processing Audio From File: /Volumes/konsistent/server/ed_test/mistika-testing/INPUT/ANOTHER_TOP_FOLDER/FOLDER_2/FOLDER_3/FOLDER_4/tst0020_cp01_v0002.mov?root=/Volumes/konsistent/server/ed_test/mistika-testing/INPUT/&format=[path][baseName][.frame][.ext]
2025.11.10 15:34:05.076|Info|watchfolder_prores_encode|ProResConvertDNX_HS_4k_10bit_23fps_ST3SG2mov|Transcoding from EDL: None
2025.11.10 15:34:05.076|Info|watchfolder_prores_encode|ProResConvertDNX_HS_4k_10bit_23fps_ST3SG2mov|Transcoding Info:From:tst0020_cp01_v0002:47.95:ItuBt 709:Rec709:To:tst0020_cp01_v0002.mov:47.95:ItuBt 709:Rec709:None
2025.11.10 15:34:13.626|Info|watchfolder_prores_encode|ProResConvertDNX_HS_4k_10bit_23fps_ST3SG2mov|Processing Input File: /Volumes/konsistent/server/ed_test/mistika-testing/INPUT/ANOTHER_TOP_FOLDER/FOLDER_2/FOLDER_3/FOLDER_4/tst0020_cp01_v0002.png?root=/Volumes/konsistent/server/ed_test/mistika-testing/INPUT/&format=[path][baseName][.frame][.ext]
2025.11.10 15:34:13.668|Info|watchfolder_prores_encode|ProResConvertDNX_HS_4k_10bit_23fps_ST3SG2mov|Transcoding from EDL: None
2025.11.10 15:34:13.668|Info|watchfolder_prores_encode|ProResConvertDNX_HS_4k_10bit_23fps_ST3SG2mov|Transcoding Info:From:tst0020_cp01_v0002:23.98:None:None:To:tst0020_cp01_v0002.mov:23.98:None:None:None
2025.11.10 15:34:14.928|Info|watchfolder_prores_encode|ProResConvertDNX_HS_4k_10bit_23fps_ST3SG2mov|Processing Input File: /Volumes/konsistent/server/ed_test/mistika-testing/INPUT/ANOTHER_TOP_FOLDER/FOLDER_2/FOLDER_3/FOLDER_4/tst0030_rf01_v0002.mov?root=/Volumes/konsistent/server/ed_test/mistika-testing/INPUT/&format=[path][baseName][.frame][.ext]
2025.11.10 15:34:14.978|Info|watchfolder_prores_encode|ProResConvertDNX_HS_4k_10bit_23fps_ST3SG2mov|Processing Audio From File: /Volumes/konsistent/server/ed_test/mistika-testing/INPUT/ANOTHER_TOP_FOLDER/FOLDER_2/FOLDER_3/FOLDER_4/tst0030_rf01_v0002.mov?root=/Volumes/konsistent/server/ed_test/mistika-testing/INPUT/&format=[path][baseName][.frame][.ext]
2025.11.10 15:34:15.013|Info|watchfolder_prores_encode|ProResConvertDNX_HS_4k_10bit_23fps_ST3SG2mov|Transcoding from EDL: None
2025.11.10 15:34:15.013|Info|watchfolder_prores_encode|ProResConvertDNX_HS_4k_10bit_23fps_ST3SG2mov|Transcoding Info:From:tst0030_rf01_v0002:47.95:ItuBt 709:Rec709:To:tst0030_rf01_v0002.mov:47.95:ItuBt 709:Rec709:None
2025.11.10 15:34:23.687|Info|watchfolder_prores_encode|ProResConvertDNX_HS_4k_10bit_23fps_ST3SG2mov|Processing Input File: /Volumes/konsistent/server/ed_test/mistika-testing/INPUT/ANOTHER_TOP_FOLDER/FOLDER_2/FOLDER_3/FOLDER_4/tst0030_rf01_v0002.png?root=/Volumes/konsistent/server/ed_test/mistika-testing/INPUT/&format=[path][baseName][.frame][.ext]
2025.11.10 15:34:23.742|Info|watchfolder_prores_encode|ProResConvertDNX_HS_4k_10bit_23fps_ST3SG2mov|Transcoding from EDL: None
2025.11.10 15:34:23.742|Info|watchfolder_prores_encode|ProResConvertDNX_HS_4k_10bit_23fps_ST3SG2mov|Transcoding Info:From:tst0030_rf01_v0002:23.98:None:None:To:tst0030_rf01_v0002.mov:23.98:None:None:None
2025.11.10 15:34:24.999|Info|watchfolder_prores_encode|ProResConvertDNX_HS_4k_10bit_23fps_ST3SG2mov|Processing Input File: /Volumes/konsistent/server/ed_test/mistika-testing/INPUT/ANOTHER_TOP_FOLDER/FOLDER_2/FOLDER_3/XR0001_20250312.ale?root=/Volumes/konsistent/server/ed_test/mistika-testing/INPUT/&format=[path][baseName][.frame][.ext]
2025.11.10 15:34:25.008|Critical Error|watchfolder_prores_encode|ProResConvertDNX_HS_4k_10bit_23fps_ST3SG2mov|input video not found
2025.11.10 15:34:25.008|Critical Error|watchfolder_prores_encode|ProResConvertDNX_HS_4k_10bit_23fps_ST3SG2mov|Unable to create Render Group
2025.11.10 15:34:25.008|Critical Error|watchfolder_prores_encode|ProResConvertDNX_HS_4k_10bit_23fps_ST3SG2mov|Unable to create Render Group
2025.11.10 15:34:25.013|Info|watchfolder_prores_encode|ProResConvertDNX_HS_4k_10bit_23fps_ST3SG2mov|Processing Input File: /Volumes/konsistent/server/ed_test/mistika-testing/INPUT/ANOTHER_TOP_FOLDER/FOLDER_2/FOLDER_3/tst0010_bg01_v0001.png?root=/Volumes/konsistent/server/ed_test/mistika-testing/INPUT/&format=[path][baseName][.frame][.ext]
2025.11.10 15:34:25.068|Info|watchfolder_prores_encode|ProResConvertDNX_HS_4k_10bit_23fps_ST3SG2mov|Transcoding from EDL: None
2025.11.10 15:34:25.068|Info|watchfolder_prores_encode|ProResConvertDNX_HS_4k_10bit_23fps_ST3SG2mov|Transcoding Info:From:tst0010_bg01_v0001:23.98:None:None:To:tst0010_bg01_v0001.mov:23.98:None:None:None
2025.11.10 15:34:26.323|Info|watchfolder_prores_encode|ProResConvertDNX_HS_4k_10bit_23fps_ST3SG2mov|Processing Input File: /Volumes/konsistent/server/ed_test/mistika-testing/INPUT/ANOTHER_TOP_FOLDER/FOLDER_2/FOLDER_3/tst0020_cp01_v0001.mov?root=/Volumes/konsistent/server/ed_test/mistika-testing/INPUT/&format=[path][baseName][.frame][.ext]
2025.11.10 15:34:26.364|Info|watchfolder_prores_encode|ProResConvertDNX_HS_4k_10bit_23fps_ST3SG2mov|Processing Audio From File: /Volumes/konsistent/server/ed_test/mistika-testing/INPUT/ANOTHER_TOP_FOLDER/FOLDER_2/FOLDER_3/tst0020_cp01_v0001.mov?root=/Volumes/konsistent/server/ed_test/mistika-testing/INPUT/&format=[path][baseName][.frame][.ext]
2025.11.10 15:34:26.412|Info|watchfolder_prores_encode|ProResConvertDNX_HS_4k_10bit_23fps_ST3SG2mov|Transcoding from EDL: None
2025.11.10 15:34:26.412|Info|watchfolder_prores_encode|ProResConvertDNX_HS_4k_10bit_23fps_ST3SG2mov|Transcoding Info:From:tst0020_cp01_v0001:47.95:ItuBt 709:Rec709:To:tst0020_cp01_v0001.mov:47.95:ItuBt 709:Rec709:None
2025.11.10 15:34:36.835|Info|watchfolder_prores_encode|ProResConvertDNX_HS_4k_10bit_23fps_ST3SG2mov|Processing Input File: /Volumes/konsistent/server/ed_test/mistika-testing/INPUT/ANOTHER_TOP_FOLDER/FOLDER_2/FOLDER_3/tst0020_cp01_v0001.png?root=/Volumes/konsistent/server/ed_test/mistika-testing/INPUT/&format=[path][baseName][.frame][.ext]
2025.11.10 15:34:36.893|Info|watchfolder_prores_encode|ProResConvertDNX_HS_4k_10bit_23fps_ST3SG2mov|Transcoding from EDL: None
2025.11.10 15:34:36.893|Info|watchfolder_prores_encode|ProResConvertDNX_HS_4k_10bit_23fps_ST3SG2mov|Transcoding Info:From:tst0020_cp01_v0001:23.98:None:None:To:tst0020_cp01_v0001.mov:23.98:None:None:None
2025.11.10 15:34:38.165|Info|watchfolder_prores_encode|ProResConvertDNX_HS_4k_10bit_23fps_ST3SG2mov|Processing Input File: /Volumes/konsistent/server/ed_test/mistika-testing/INPUT/ANOTHER_TOP_FOLDER/FOLDER_2/FOLDER_3/tst0030_rf01_v0001.mov?root=/Volumes/konsistent/server/ed_test/mistika-testing/INPUT/&format=[path][baseName][.frame][.ext]
2025.11.10 15:34:38.220|Info|watchfolder_prores_encode|ProResConvertDNX_HS_4k_10bit_23fps_ST3SG2mov|Processing Audio From File: /Volumes/konsistent/server/ed_test/mistika-testing/INPUT/ANOTHER_TOP_FOLDER/FOLDER_2/FOLDER_3/tst0030_rf01_v0001.mov?root=/Volumes/konsistent/server/ed_test/mistika-testing/INPUT/&format=[path][baseName][.frame][.ext]
2025.11.10 15:34:38.253|Info|watchfolder_prores_encode|ProResConvertDNX_HS_4k_10bit_23fps_ST3SG2mov|Transcoding from EDL: None
2025.11.10 15:34:38.253|Info|watchfolder_prores_encode|ProResConvertDNX_HS_4k_10bit_23fps_ST3SG2mov|Transcoding Info:From:tst0030_rf01_v0001:47.95:ItuBt 709:Rec709:To:tst0030_rf01_v0001.mov:47.95:ItuBt 709:Rec709:None
2025.11.10 15:34:46.082|Info|watchfolder_prores_encode|ProResConvertDNX_HS_4k_10bit_23fps_ST3SG2mov|Processing Input File: /Volumes/konsistent/server/ed_test/mistika-testing/INPUT/ANOTHER_TOP_FOLDER/FOLDER_2/FOLDER_3/tst0030_rf01_v0001.png?root=/Volumes/konsistent/server/ed_test/mistika-testing/INPUT/&format=[path][baseName][.frame][.ext]
2025.11.10 15:34:46.138|Info|watchfolder_prores_encode|ProResConvertDNX_HS_4k_10bit_23fps_ST3SG2mov|Transcoding from EDL: None
2025.11.10 15:34:46.138|Info|watchfolder_prores_encode|ProResConvertDNX_HS_4k_10bit_23fps_ST3SG2mov|Transcoding Info:From:tst0030_rf01_v0001:23.98:None:None:To:tst0030_rf01_v0001.mov:23.98:None:None:None
2025.11.10 15:34:47.395|Info|watchfolder_prores_encode|ProResConvertDNX_HS_4k_10bit_23fps_ST3SG2mov|Processing Input File: /Volumes/konsistent/server/ed_test/mistika-testing/INPUT/ANOTHER_TOP_FOLDER/FOLDER_2/XR0001_20250313.ale?root=/Volumes/konsistent/server/ed_test/mistika-testing/INPUT/&format=[path][baseName][.frame][.ext]
2025.11.10 15:34:47.402|Critical Error|watchfolder_prores_encode|ProResConvertDNX_HS_4k_10bit_23fps_ST3SG2mov|input video not found
2025.11.10 15:34:47.402|Critical Error|watchfolder_prores_encode|ProResConvertDNX_HS_4k_10bit_23fps_ST3SG2mov|Unable to create Render Group
2025.11.10 15:34:47.402|Critical Error|watchfolder_prores_encode|ProResConvertDNX_HS_4k_10bit_23fps_ST3SG2mov|Unable to create Render Group
2025.11.10 15:34:47.411|Info|watchfolder_prores_encode|ProResConvertDNX_HS_4k_10bit_23fps_ST3SG2mov|Processing Input File: /Volumes/konsistent/server/ed_test/mistika-testing/INPUT/ANOTHER_TOP_FOLDER/FOLDER_2/tst0010_bg01_v0002.mov?root=/Volumes/konsistent/server/ed_test/mistika-testing/INPUT/&format=[path][baseName][.frame][.ext]
2025.11.10 15:34:47.449|Info|watchfolder_prores_encode|ProResConvertDNX_HS_4k_10bit_23fps_ST3SG2mov|Processing Audio From File: /Volumes/konsistent/server/ed_test/mistika-testing/INPUT/ANOTHER_TOP_FOLDER/FOLDER_2/tst0010_bg01_v0002.mov?root=/Volumes/konsistent/server/ed_test/mistika-testing/INPUT/&format=[path][baseName][.frame][.ext]
2025.11.10 15:34:47.480|Info|watchfolder_prores_encode|ProResConvertDNX_HS_4k_10bit_23fps_ST3SG2mov|Transcoding from EDL: None
2025.11.10 15:34:47.480|Info|watchfolder_prores_encode|ProResConvertDNX_HS_4k_10bit_23fps_ST3SG2mov|Transcoding Info:From:tst0010_bg01_v0002:47.95:PQ SMPTE2084:Rec709:To:tst0010_bg01_v0002.mov:47.95:PQ SMPTE2084:Rec709:None
2025.11.10 15:36:11.380|Info|watchfolder_prores_encode|ProResConvertDNX_HS_4k_10bit_23fps_ST3SG2mov|Processing Input File: /Volumes/konsistent/server/ed_test/mistika-testing/INPUT/ANOTHER_TOP_FOLDER/FOLDER_2/tst0010_bg01_v0002.png?root=/Volumes/konsistent/server/ed_test/mistika-testing/INPUT/&format=[path][baseName][.frame][.ext]
2025.11.10 15:36:11.446|Info|watchfolder_prores_encode|ProResConvertDNX_HS_4k_10bit_23fps_ST3SG2mov|Transcoding from EDL: None
2025.11.10 15:36:11.447|Info|watchfolder_prores_encode|ProResConvertDNX_HS_4k_10bit_23fps_ST3SG2mov|Transcoding Info:From:tst0010_bg01_v0002:23.98:None:None:To:tst0010_bg01_v0002.mov:23.98:None:None:None
2025.11.10 15:36:14.996|Info|watchfolder_prores_encode|ProResConvertDNX_HS_4k_10bit_23fps_ST3SG2mov|Processing Input File: /Volumes/konsistent/server/ed_test/mistika-testing/INPUT/ANOTHER_TOP_FOLDER/FOLDER_2/tst0020_cp01_v0002.mov?root=/Volumes/konsistent/server/ed_test/mistika-testing/INPUT/&format=[path][baseName][.frame][.ext]
2025.11.10 15:36:15.039|Info|watchfolder_prores_encode|ProResConvertDNX_HS_4k_10bit_23fps_ST3SG2mov|Processing Audio From File: /Volumes/konsistent/server/ed_test/mistika-testing/INPUT/ANOTHER_TOP_FOLDER/FOLDER_2/tst0020_cp01_v0002.mov?root=/Volumes/konsistent/server/ed_test/mistika-testing/INPUT/&format=[path][baseName][.frame][.ext]
2025.11.10 15:36:15.064|Info|watchfolder_prores_encode|ProResConvertDNX_HS_4k_10bit_23fps_ST3SG2mov|Transcoding from EDL: None
2025.11.10 15:36:15.064|Info|watchfolder_prores_encode|ProResConvertDNX_HS_4k_10bit_23fps_ST3SG2mov|Transcoding Info:From:tst0020_cp01_v0002:47.95:ItuBt 709:Rec709:To:tst0020_cp01_v0002.mov:47.95:ItuBt 709:Rec709:None
2025.11.10 15:36:24.130|Info|watchfolder_prores_encode|ProResConvertDNX_HS_4k_10bit_23fps_ST3SG2mov|Processing Input File: /Volumes/konsistent/server/ed_test/mistika-testing/INPUT/ANOTHER_TOP_FOLDER/FOLDER_2/tst0020_cp01_v0002.png?root=/Volumes/konsistent/server/ed_test/mistika-testing/INPUT/&format=[path][baseName][.frame][.ext]
2025.11.10 15:36:24.168|Info|watchfolder_prores_encode|ProResConvertDNX_HS_4k_10bit_23fps_ST3SG2mov|Transcoding from EDL: None
2025.11.10 15:36:24.168|Info|watchfolder_prores_encode|ProResConvertDNX_HS_4k_10bit_23fps_ST3SG2mov|Transcoding Info:From:tst0020_cp01_v0002:23.98:None:None:To:tst0020_cp01_v0002.mov:23.98:None:None:None
2025.11.10 15:36:27.476|Info|watchfolder_prores_encode|ProResConvertDNX_HS_4k_10bit_23fps_ST3SG2mov|Processing Input File: /Volumes/konsistent/server/ed_test/mistika-testing/INPUT/ANOTHER_TOP_FOLDER/FOLDER_2/tst0030_rf01_v0002.mov?root=/Volumes/konsistent/server/ed_test/mistika-testing/INPUT/&format=[path][baseName][.frame][.ext]
2025.11.10 15:36:27.532|Info|watchfolder_prores_encode|ProResConvertDNX_HS_4k_10bit_23fps_ST3SG2mov|Processing Audio From File: /Volumes/konsistent/server/ed_test/mistika-testing/INPUT/ANOTHER_TOP_FOLDER/FOLDER_2/tst0030_rf01_v0002.mov?root=/Volumes/konsistent/server/ed_test/mistika-testing/INPUT/&format=[path][baseName][.frame][.ext]
2025.11.10 15:36:27.560|Info|watchfolder_prores_encode|ProResConvertDNX_HS_4k_10bit_23fps_ST3SG2mov|Transcoding from EDL: None
2025.11.10 15:36:27.560|Info|watchfolder_prores_encode|ProResConvertDNX_HS_4k_10bit_23fps_ST3SG2mov|Transcoding Info:From:tst0030_rf01_v0002:47.95:ItuBt 709:Rec709:To:tst0030_rf01_v0002.mov:47.95:ItuBt 709:Rec709:None
2025.11.10 15:36:36.586|Info|watchfolder_prores_encode|ProResConvertDNX_HS_4k_10bit_23fps_ST3SG2mov|Processing Input File: /Volumes/konsistent/server/ed_test/mistika-testing/INPUT/ANOTHER_TOP_FOLDER/FOLDER_2/tst0030_rf01_v0002.png?root=/Volumes/konsistent/server/ed_test/mistika-testing/INPUT/&format=[path][baseName][.frame][.ext]
2025.11.10 15:36:36.620|Info|watchfolder_prores_encode|ProResConvertDNX_HS_4k_10bit_23fps_ST3SG2mov|Transcoding from EDL: None
2025.11.10 15:36:36.620|Info|watchfolder_prores_encode|ProResConvertDNX_HS_4k_10bit_23fps_ST3SG2mov|Transcoding Info:From:tst0030_rf01_v0002:23.98:None:None:To:tst0030_rf01_v0002.mov:23.98:None:None:None
2025.11.10 15:36:39.119|Info|watchfolder_prores_encode|ProResConvertDNX_HS_4k_10bit_23fps_ST3SG2mov|Processing Input File: /Volumes/konsistent/server/ed_test/mistika-testing/INPUT/ANOTHER_TOP_FOLDER/XR0001_20250312.ale?root=/Volumes/konsistent/server/ed_test/mistika-testing/INPUT/&format=[path][baseName][.frame][.ext]
2025.11.10 15:36:39.132|Critical Error|watchfolder_prores_encode|ProResConvertDNX_HS_4k_10bit_23fps_ST3SG2mov|input video not found
2025.11.10 15:36:39.133|Critical Error|watchfolder_prores_encode|ProResConvertDNX_HS_4k_10bit_23fps_ST3SG2mov|Unable to create Render Group
2025.11.10 15:36:39.133|Critical Error|watchfolder_prores_encode|ProResConvertDNX_HS_4k_10bit_23fps_ST3SG2mov|Unable to create Render Group
2025.11.10 15:36:39.140|Info|watchfolder_prores_encode|ProResConvertDNX_HS_4k_10bit_23fps_ST3SG2mov|Processing Input File: /Volumes/konsistent/server/ed_test/mistika-testing/INPUT/ANOTHER_TOP_FOLDER/tst0010_bg01_v0001.png?root=/Volumes/konsistent/server/ed_test/mistika-testing/INPUT/&format=[path][baseName][.frame][.ext]
2025.11.10 15:36:39.202|Info|watchfolder_prores_encode|ProResConvertDNX_HS_4k_10bit_23fps_ST3SG2mov|Transcoding from EDL: None
2025.11.10 15:36:39.202|Info|watchfolder_prores_encode|ProResConvertDNX_HS_4k_10bit_23fps_ST3SG2mov|Transcoding Info:From:tst0010_bg01_v0001:23.98:None:None:To:tst0010_bg01_v0001.mov:23.98:None:None:None
2025.11.10 15:36:40.459|Info|watchfolder_prores_encode|ProResConvertDNX_HS_4k_10bit_23fps_ST3SG2mov|Processing Input File: /Volumes/konsistent/server/ed_test/mistika-testing/INPUT/ANOTHER_TOP_FOLDER/tst0020_cp01_v0001.mov?root=/Volumes/konsistent/server/ed_test/mistika-testing/INPUT/&format=[path][baseName][.frame][.ext]
2025.11.10 15:36:40.496|Info|watchfolder_prores_encode|ProResConvertDNX_HS_4k_10bit_23fps_ST3SG2mov|Processing Audio From File: /Volumes/konsistent/server/ed_test/mistika-testing/INPUT/ANOTHER_TOP_FOLDER/tst0020_cp01_v0001.mov?root=/Volumes/konsistent/server/ed_test/mistika-testing/INPUT/&format=[path][baseName][.frame][.ext]
2025.11.10 15:36:40.522|Info|watchfolder_prores_encode|ProResConvertDNX_HS_4k_10bit_23fps_ST3SG2mov|Transcoding from EDL: None
2025.11.10 15:36:40.523|Info|watchfolder_prores_encode|ProResConvertDNX_HS_4k_10bit_23fps_ST3SG2mov|Transcoding Info:From:tst0020_cp01_v0001:47.95:ItuBt 709:Rec709:To:tst0020_cp01_v0001.mov:47.95:ItuBt 709:Rec709:None
2025.11.10 15:36:50.925|Info|watchfolder_prores_encode|ProResConvertDNX_HS_4k_10bit_23fps_ST3SG2mov|Processing Input File: /Volumes/konsistent/server/ed_test/mistika-testing/INPUT/ANOTHER_TOP_FOLDER/tst0020_cp01_v0001.png?root=/Volumes/konsistent/server/ed_test/mistika-testing/INPUT/&format=[path][baseName][.frame][.ext]
2025.11.10 15:36:50.962|Info|watchfolder_prores_encode|ProResConvertDNX_HS_4k_10bit_23fps_ST3SG2mov|Transcoding from EDL: None
2025.11.10 15:36:50.962|Info|watchfolder_prores_encode|ProResConvertDNX_HS_4k_10bit_23fps_ST3SG2mov|Transcoding Info:From:tst0020_cp01_v0001:23.98:None:None:To:tst0020_cp01_v0001.mov:23.98:None:None:None
2025.11.10 15:36:53.235|Info|watchfolder_prores_encode|ProResConvertDNX_HS_4k_10bit_23fps_ST3SG2mov|Processing Input File: /Volumes/konsistent/server/ed_test/mistika-testing/INPUT/ANOTHER_TOP_FOLDER/tst0030_rf01_v0001.mov?root=/Volumes/konsistent/server/ed_test/mistika-testing/INPUT/&format=[path][baseName][.frame][.ext]
2025.11.10 15:36:53.268|Info|watchfolder_prores_encode|ProResConvertDNX_HS_4k_10bit_23fps_ST3SG2mov|Processing Audio From File: /Volumes/konsistent/server/ed_test/mistika-testing/INPUT/ANOTHER_TOP_FOLDER/tst0030_rf01_v0001.mov?root=/Volumes/konsistent/server/ed_test/mistika-testing/INPUT/&format=[path][baseName][.frame][.ext]
2025.11.10 15:36:53.284|Info|watchfolder_prores_encode|ProResConvertDNX_HS_4k_10bit_23fps_ST3SG2mov|Transcoding from EDL: None
2025.11.10 15:36:53.284|Info|watchfolder_prores_encode|ProResConvertDNX_HS_4k_10bit_23fps_ST3SG2mov|Transcoding Info:From:tst0030_rf01_v0001:47.95:ItuBt 709:Rec709:To:tst0030_rf01_v0001.mov:47.95:ItuBt 709:Rec709:None
2025.11.10 15:37:01.254|Info|watchfolder_prores_encode|ProResConvertDNX_HS_4k_10bit_23fps_ST3SG2mov|Processing Input File: /Volumes/konsistent/server/ed_test/mistika-testing/INPUT/ANOTHER_TOP_FOLDER/tst0030_rf01_v0001.png?root=/Volumes/konsistent/server/ed_test/mistika-testing/INPUT/&format=[path][baseName][.frame][.ext]
2025.11.10 15:37:01.286|Info|watchfolder_prores_encode|ProResConvertDNX_HS_4k_10bit_23fps_ST3SG2mov|Transcoding from EDL: None
2025.11.10 15:37:01.286|Info|watchfolder_prores_encode|ProResConvertDNX_HS_4k_10bit_23fps_ST3SG2mov|Transcoding Info:From:tst0030_rf01_v0001:23.98:None:None:To:tst0030_rf01_v0001.mov:23.98:None:None:None
2025.11.10 15:37:02.743|Info|watchfolder_prores_encode|ProResConvertDNX_HS_4k_10bit_23fps_ST3SG2mov|Processing Input File: /Volumes/konsistent/server/ed_test/mistika-testing/INPUT/TOP_FOLDER/000_tst0010_bg01_v0001.mov?root=/Volumes/konsistent/server/ed_test/mistika-testing/INPUT/&format=[path][baseName][.frame][.ext]
2025.11.10 15:37:02.788|Info|watchfolder_prores_encode|ProResConvertDNX_HS_4k_10bit_23fps_ST3SG2mov|Processing Audio From File: /Volumes/konsistent/server/ed_test/mistika-testing/INPUT/TOP_FOLDER/000_tst0010_bg01_v0001.mov?root=/Volumes/konsistent/server/ed_test/mistika-testing/INPUT/&format=[path][baseName][.frame][.ext]
2025.11.10 15:37:02.821|Info|watchfolder_prores_encode|ProResConvertDNX_HS_4k_10bit_23fps_ST3SG2mov|Transcoding from EDL: None
2025.11.10 15:37:02.821|Info|watchfolder_prores_encode|ProResConvertDNX_HS_4k_10bit_23fps_ST3SG2mov|Transcoding Info:From:000_tst0010_bg01_v0001:47.95:PQ SMPTE2084:Rec709:To:000_tst0010_bg01_v0001.mov:47.95:PQ SMPTE2084:Rec709:None
2025.11.10 15:38:31.526|Info|watchfolder_prores_encode|ProResConvertDNX_HS_4k_10bit_23fps_ST3SG2mov|Processing Input File: /Volumes/konsistent/server/ed_test/mistika-testing/INPUT/TOP_FOLDER/FOLDER_2/FOLDER_3/000_tst0010_bg01_v0001.mov?root=/Volumes/konsistent/server/ed_test/mistika-testing/INPUT/&format=[path][baseName][.frame][.ext]
2025.11.10 15:38:31.578|Info|watchfolder_prores_encode|ProResConvertDNX_HS_4k_10bit_23fps_ST3SG2mov|Processing Audio From File: /Volumes/konsistent/server/ed_test/mistika-testing/INPUT/TOP_FOLDER/FOLDER_2/FOLDER_3/000_tst0010_bg01_v0001.mov?root=/Volumes/konsistent/server/ed_test/mistika-testing/INPUT/&format=[path][baseName][.frame][.ext]
2025.11.10 15:38:31.617|Info|watchfolder_prores_encode|ProResConvertDNX_HS_4k_10bit_23fps_ST3SG2mov|Transcoding from EDL: None
2025.11.10 15:38:31.617|Info|watchfolder_prores_encode|ProResConvertDNX_HS_4k_10bit_23fps_ST3SG2mov|Transcoding Info:From:000_tst0010_bg01_v0001:47.95:PQ SMPTE2084:Rec709:To:000_tst0010_bg01_v0001.mov:47.95:PQ SMPTE2084:Rec709:None
2025.11.10 15:39:57.115|Info|watchfolder_prores_encode|ProResConvertDNX_HS_4k_10bit_23fps_ST3SG2mov|Processing Input File: /Volumes/konsistent/server/ed_test/mistika-testing/INPUT/TOP_FOLDER/FOLDER_2/FOLDER_3/FOLDER_4/XR0001_20250313.ale?root=/Volumes/konsistent/server/ed_test/mistika-testing/INPUT/&format=[path][baseName][.frame][.ext]
2025.11.10 15:39:57.130|Critical Error|watchfolder_prores_encode|ProResConvertDNX_HS_4k_10bit_23fps_ST3SG2mov|input video not found
2025.11.10 15:39:57.130|Critical Error|watchfolder_prores_encode|ProResConvertDNX_HS_4k_10bit_23fps_ST3SG2mov|Unable to create Render Group
2025.11.10 15:39:57.130|Critical Error|watchfolder_prores_encode|ProResConvertDNX_HS_4k_10bit_23fps_ST3SG2mov|Unable to create Render Group
2025.11.10 15:39:57.147|Info|watchfolder_prores_encode|ProResConvertDNX_HS_4k_10bit_23fps_ST3SG2mov|Processing Input File: /Volumes/konsistent/server/ed_test/mistika-testing/INPUT/TOP_FOLDER/FOLDER_2/FOLDER_3/FOLDER_4/tst0010_bg01_v0002.mov?root=/Volumes/konsistent/server/ed_test/mistika-testing/INPUT/&format=[path][baseName][.frame][.ext]
2025.11.10 15:39:57.196|Info|watchfolder_prores_encode|ProResConvertDNX_HS_4k_10bit_23fps_ST3SG2mov|Processing Audio From File: /Volumes/konsistent/server/ed_test/mistika-testing/INPUT/TOP_FOLDER/FOLDER_2/FOLDER_3/FOLDER_4/tst0010_bg01_v0002.mov?root=/Volumes/konsistent/server/ed_test/mistika-testing/INPUT/&format=[path][baseName][.frame][.ext]
2025.11.10 15:39:57.222|Info|watchfolder_prores_encode|ProResConvertDNX_HS_4k_10bit_23fps_ST3SG2mov|Transcoding from EDL: None
2025.11.10 15:39:57.222|Info|watchfolder_prores_encode|ProResConvertDNX_HS_4k_10bit_23fps_ST3SG2mov|Transcoding Info:From:tst0010_bg01_v0002:47.95:PQ SMPTE2084:Rec709:To:tst0010_bg01_v0002.mov:47.95:PQ SMPTE2084:Rec709:None
2025.11.10 15:41:29.768|Info|watchfolder_prores_encode|ProResConvertDNX_HS_4k_10bit_23fps_ST3SG2mov|Processing Input File: /Volumes/konsistent/server/ed_test/mistika-testing/INPUT/TOP_FOLDER/FOLDER_2/FOLDER_3/FOLDER_4/tst0010_bg01_v0002.png?root=/Volumes/konsistent/server/ed_test/mistika-testing/INPUT/&format=[path][baseName][.frame][.ext]
2025.11.10 15:41:29.826|Info|watchfolder_prores_encode|ProResConvertDNX_HS_4k_10bit_23fps_ST3SG2mov|Transcoding from EDL: None
2025.11.10 15:41:29.826|Info|watchfolder_prores_encode|ProResConvertDNX_HS_4k_10bit_23fps_ST3SG2mov|Transcoding Info:From:tst0010_bg01_v0002:23.98:None:None:To:tst0010_bg01_v0002.mov:23.98:None:None:None
2025.11.10 15:41:31.196|Info|watchfolder_prores_encode|ProResConvertDNX_HS_4k_10bit_23fps_ST3SG2mov|Processing Input File: /Volumes/konsistent/server/ed_test/mistika-testing/INPUT/TOP_FOLDER/FOLDER_2/FOLDER_3/FOLDER_4/tst0020_cp01_v0002.mov?root=/Volumes/konsistent/server/ed_test/mistika-testing/INPUT/&format=[path][baseName][.frame][.ext]
2025.11.10 15:41:31.247|Info|watchfolder_prores_encode|ProResConvertDNX_HS_4k_10bit_23fps_ST3SG2mov|Processing Audio From File: /Volumes/konsistent/server/ed_test/mistika-testing/INPUT/TOP_FOLDER/FOLDER_2/FOLDER_3/FOLDER_4/tst0020_cp01_v0002.mov?root=/Volumes/konsistent/server/ed_test/mistika-testing/INPUT/&format=[path][baseName][.frame][.ext]
2025.11.10 15:41:31.279|Info|watchfolder_prores_encode|ProResConvertDNX_HS_4k_10bit_23fps_ST3SG2mov|Transcoding from EDL: None
2025.11.10 15:41:31.279|Info|watchfolder_prores_encode|ProResConvertDNX_HS_4k_10bit_23fps_ST3SG2mov|Transcoding Info:From:tst0020_cp01_v0002:47.95:ItuBt 709:Rec709:To:tst0020_cp01_v0002.mov:47.95:ItuBt 709:Rec709:None
2025.11.10 15:41:40.290|Info|watchfolder_prores_encode|ProResConvertDNX_HS_4k_10bit_23fps_ST3SG2mov|Processing Input File: /Volumes/konsistent/server/ed_test/mistika-testing/INPUT/TOP_FOLDER/FOLDER_2/FOLDER_3/FOLDER_4/tst0020_cp01_v0002.png?root=/Volumes/konsistent/server/ed_test/mistika-testing/INPUT/&format=[path][baseName][.frame][.ext]
2025.11.10 15:41:40.323|Info|watchfolder_prores_encode|ProResConvertDNX_HS_4k_10bit_23fps_ST3SG2mov|Transcoding from EDL: None
2025.11.10 15:41:40.323|Info|watchfolder_prores_encode|ProResConvertDNX_HS_4k_10bit_23fps_ST3SG2mov|Transcoding Info:From:tst0020_cp01_v0002:23.98:None:None:To:tst0020_cp01_v0002.mov:23.98:None:None:None
2025.11.10 15:41:41.595|Info|watchfolder_prores_encode|ProResConvertDNX_HS_4k_10bit_23fps_ST3SG2mov|Processing Input File: /Volumes/konsistent/server/ed_test/mistika-testing/INPUT/TOP_FOLDER/FOLDER_2/FOLDER_3/FOLDER_4/tst0030_rf01_v0002.mov?root=/Volumes/konsistent/server/ed_test/mistika-testing/INPUT/&format=[path][baseName][.frame][.ext]
2025.11.10 15:41:41.635|Info|watchfolder_prores_encode|ProResConvertDNX_HS_4k_10bit_23fps_ST3SG2mov|Processing Audio From File: /Volumes/konsistent/server/ed_test/mistika-testing/INPUT/TOP_FOLDER/FOLDER_2/FOLDER_3/FOLDER_4/tst0030_rf01_v0002.mov?root=/Volumes/konsistent/server/ed_test/mistika-testing/INPUT/&format=[path][baseName][.frame][.ext]
2025.11.10 15:41:41.663|Info|watchfolder_prores_encode|ProResConvertDNX_HS_4k_10bit_23fps_ST3SG2mov|Transcoding from EDL: None
2025.11.10 15:41:41.663|Info|watchfolder_prores_encode|ProResConvertDNX_HS_4k_10bit_23fps_ST3SG2mov|Transcoding Info:From:tst0030_rf01_v0002:47.95:ItuBt 709:Rec709:To:tst0030_rf01_v0002.mov:47.95:ItuBt 709:Rec709:None
2025.11.10 15:41:49.608|Info|watchfolder_prores_encode|ProResConvertDNX_HS_4k_10bit_23fps_ST3SG2mov|Processing Input File: /Volumes/konsistent/server/ed_test/mistika-testing/INPUT/TOP_FOLDER/FOLDER_2/FOLDER_3/FOLDER_4/tst0030_rf01_v0002.png?root=/Volumes/konsistent/server/ed_test/mistika-testing/INPUT/&format=[path][baseName][.frame][.ext]
2025.11.10 15:41:49.644|Info|watchfolder_prores_encode|ProResConvertDNX_HS_4k_10bit_23fps_ST3SG2mov|Transcoding from EDL: None
2025.11.10 15:41:49.644|Info|watchfolder_prores_encode|ProResConvertDNX_HS_4k_10bit_23fps_ST3SG2mov|Transcoding Info:From:tst0030_rf01_v0002:23.98:None:None:To:tst0030_rf01_v0002.mov:23.98:None:None:None
2025.11.10 15:41:50.903|Info|watchfolder_prores_encode|ProResConvertDNX_HS_4k_10bit_23fps_ST3SG2mov|Processing Input File: /Volumes/konsistent/server/ed_test/mistika-testing/INPUT/TOP_FOLDER/FOLDER_2/FOLDER_3/XR0001_20250312.ale?root=/Volumes/konsistent/server/ed_test/mistika-testing/INPUT/&format=[path][baseName][.frame][.ext]
2025.11.10 15:41:50.908|Critical Error|watchfolder_prores_encode|ProResConvertDNX_HS_4k_10bit_23fps_ST3SG2mov|input video not found
2025.11.10 15:41:50.908|Critical Error|watchfolder_prores_encode|ProResConvertDNX_HS_4k_10bit_23fps_ST3SG2mov|Unable to create Render Group
2025.11.10 15:41:50.910|Critical Error|watchfolder_prores_encode|ProResConvertDNX_HS_4k_10bit_23fps_ST3SG2mov|Unable to create Render Group
2025.11.10 15:41:50.917|Info|watchfolder_prores_encode|ProResConvertDNX_HS_4k_10bit_23fps_ST3SG2mov|Processing Input File: /Volumes/konsistent/server/ed_test/mistika-testing/INPUT/TOP_FOLDER/FOLDER_2/FOLDER_3/tst0010_bg01_v0001.png?root=/Volumes/konsistent/server/ed_test/mistika-testing/INPUT/&format=[path][baseName][.frame][.ext]
2025.11.10 15:41:50.953|Info|watchfolder_prores_encode|ProResConvertDNX_HS_4k_10bit_23fps_ST3SG2mov|Transcoding from EDL: None
2025.11.10 15:41:50.953|Info|watchfolder_prores_encode|ProResConvertDNX_HS_4k_10bit_23fps_ST3SG2mov|Transcoding Info:From:tst0010_bg01_v0001:23.98:None:None:To:tst0010_bg01_v0001.mov:23.98:None:None:None
2025.11.10 15:41:52.228|Info|watchfolder_prores_encode|ProResConvertDNX_HS_4k_10bit_23fps_ST3SG2mov|Processing Input File: /Volumes/konsistent/server/ed_test/mistika-testing/INPUT/TOP_FOLDER/FOLDER_2/FOLDER_3/tst0020_cp01_v0001.mov?root=/Volumes/konsistent/server/ed_test/mistika-testing/INPUT/&format=[path][baseName][.frame][.ext]
2025.11.10 15:41:52.278|Info|watchfolder_prores_encode|ProResConvertDNX_HS_4k_10bit_23fps_ST3SG2mov|Processing Audio From File: /Volumes/konsistent/server/ed_test/mistika-testing/INPUT/TOP_FOLDER/FOLDER_2/FOLDER_3/tst0020_cp01_v0001.mov?root=/Volumes/konsistent/server/ed_test/mistika-testing/INPUT/&format=[path][baseName][.frame][.ext]
2025.11.10 15:41:52.301|Info|watchfolder_prores_encode|ProResConvertDNX_HS_4k_10bit_23fps_ST3SG2mov|Transcoding from EDL: None
2025.11.10 15:41:52.301|Info|watchfolder_prores_encode|ProResConvertDNX_HS_4k_10bit_23fps_ST3SG2mov|Transcoding Info:From:tst0020_cp01_v0001:47.95:ItuBt 709:Rec709:To:tst0020_cp01_v0001.mov:47.95:ItuBt 709:Rec709:None
2025.11.10 15:42:02.969|Info|watchfolder_prores_encode|ProResConvertDNX_HS_4k_10bit_23fps_ST3SG2mov|Processing Input File: /Volumes/konsistent/server/ed_test/mistika-testing/INPUT/TOP_FOLDER/FOLDER_2/FOLDER_3/tst0020_cp01_v0001.png?root=/Volumes/konsistent/server/ed_test/mistika-testing/INPUT/&format=[path][baseName][.frame][.ext]
2025.11.10 15:42:03.006|Info|watchfolder_prores_encode|ProResConvertDNX_HS_4k_10bit_23fps_ST3SG2mov|Transcoding from EDL: None
2025.11.10 15:42:03.006|Info|watchfolder_prores_encode|ProResConvertDNX_HS_4k_10bit_23fps_ST3SG2mov|Transcoding Info:From:tst0020_cp01_v0001:23.98:None:None:To:tst0020_cp01_v0001.mov:23.98:None:None:None
2025.11.10 15:42:04.472|Info|watchfolder_prores_encode|ProResConvertDNX_HS_4k_10bit_23fps_ST3SG2mov|Processing Input File: /Volumes/konsistent/server/ed_test/mistika-testing/INPUT/TOP_FOLDER/FOLDER_2/FOLDER_3/tst0030_rf01_v0001.mov?root=/Volumes/konsistent/server/ed_test/mistika-testing/INPUT/&format=[path][baseName][.frame][.ext]
2025.11.10 15:42:04.506|Info|watchfolder_prores_encode|ProResConvertDNX_HS_4k_10bit_23fps_ST3SG2mov|Processing Audio From File: /Volumes/konsistent/server/ed_test/mistika-testing/INPUT/TOP_FOLDER/FOLDER_2/FOLDER_3/tst0030_rf01_v0001.mov?root=/Volumes/konsistent/server/ed_test/mistika-testing/INPUT/&format=[path][baseName][.frame][.ext]
2025.11.10 15:42:04.524|Info|watchfolder_prores_encode|ProResConvertDNX_HS_4k_10bit_23fps_ST3SG2mov|Transcoding from EDL: None
2025.11.10 15:42:04.524|Info|watchfolder_prores_encode|ProResConvertDNX_HS_4k_10bit_23fps_ST3SG2mov|Transcoding Info:From:tst0030_rf01_v0001:47.95:ItuBt 709:Rec709:To:tst0030_rf01_v0001.mov:47.95:ItuBt 709:Rec709:None
2025.11.10 15:42:11.532|Info|watchfolder_prores_encode|ProResConvertDNX_HS_4k_10bit_23fps_ST3SG2mov|Processing Input File: /Volumes/konsistent/server/ed_test/mistika-testing/INPUT/TOP_FOLDER/FOLDER_2/FOLDER_3/tst0030_rf01_v0001.png?root=/Volumes/konsistent/server/ed_test/mistika-testing/INPUT/&format=[path][baseName][.frame][.ext]
2025.11.10 15:42:11.565|Info|watchfolder_prores_encode|ProResConvertDNX_HS_4k_10bit_23fps_ST3SG2mov|Transcoding from EDL: None
2025.11.10 15:42:11.565|Info|watchfolder_prores_encode|ProResConvertDNX_HS_4k_10bit_23fps_ST3SG2mov|Transcoding Info:From:tst0030_rf01_v0001:23.98:None:None:To:tst0030_rf01_v0001.mov:23.98:None:None:None
2025.11.10 15:42:13.135|Info|watchfolder_prores_encode|ProResConvertDNX_HS_4k_10bit_23fps_ST3SG2mov|Processing Input File: /Volumes/konsistent/server/ed_test/mistika-testing/INPUT/TOP_FOLDER/FOLDER_2/XR0001_20250313.ale?root=/Volumes/konsistent/server/ed_test/mistika-testing/INPUT/&format=[path][baseName][.frame][.ext]
2025.11.10 15:42:13.142|Critical Error|watchfolder_prores_encode|ProResConvertDNX_HS_4k_10bit_23fps_ST3SG2mov|input video not found
2025.11.10 15:42:13.142|Critical Error|watchfolder_prores_encode|ProResConvertDNX_HS_4k_10bit_23fps_ST3SG2mov|Unable to create Render Group
2025.11.10 15:42:13.143|Critical Error|watchfolder_prores_encode|ProResConvertDNX_HS_4k_10bit_23fps_ST3SG2mov|Unable to create Render Group
2025.11.10 15:42:13.152|Info|watchfolder_prores_encode|ProResConvertDNX_HS_4k_10bit_23fps_ST3SG2mov|Processing Input File: /Volumes/konsistent/server/ed_test/mistika-testing/INPUT/TOP_FOLDER/FOLDER_2/tst0010_bg01_v0002.mov?root=/Volumes/konsistent/server/ed_test/mistika-testing/INPUT/&format=[path][baseName][.frame][.ext]
2025.11.10 15:42:13.182|Info|watchfolder_prores_encode|ProResConvertDNX_HS_4k_10bit_23fps_ST3SG2mov|Processing Audio From File: /Volumes/konsistent/server/ed_test/mistika-testing/INPUT/TOP_FOLDER/FOLDER_2/tst0010_bg01_v0002.mov?root=/Volumes/konsistent/server/ed_test/mistika-testing/INPUT/&format=[path][baseName][.frame][.ext]
2025.11.10 15:42:13.203|Info|watchfolder_prores_encode|ProResConvertDNX_HS_4k_10bit_23fps_ST3SG2mov|Transcoding from EDL: None
2025.11.10 15:42:13.203|Info|watchfolder_prores_encode|ProResConvertDNX_HS_4k_10bit_23fps_ST3SG2mov|Transcoding Info:From:tst0010_bg01_v0002:47.95:PQ SMPTE2084:Rec709:To:tst0010_bg01_v0002.mov:47.95:PQ SMPTE2084:Rec709:None
2025.11.10 15:43:38.121|Info|watchfolder_prores_encode|ProResConvertDNX_HS_4k_10bit_23fps_ST3SG2mov|Processing Input File: /Volumes/konsistent/server/ed_test/mistika-testing/INPUT/TOP_FOLDER/FOLDER_2/tst0010_bg01_v0002.png?root=/Volumes/konsistent/server/ed_test/mistika-testing/INPUT/&format=[path][baseName][.frame][.ext]
2025.11.10 15:43:38.186|Info|watchfolder_prores_encode|ProResConvertDNX_HS_4k_10bit_23fps_ST3SG2mov|Transcoding from EDL: None
2025.11.10 15:43:38.186|Info|watchfolder_prores_encode|ProResConvertDNX_HS_4k_10bit_23fps_ST3SG2mov|Transcoding Info:From:tst0010_bg01_v0002:23.98:None:None:To:tst0010_bg01_v0002.mov:23.98:None:None:None
2025.11.10 15:43:41.397|Info|watchfolder_prores_encode|ProResConvertDNX_HS_4k_10bit_23fps_ST3SG2mov|Processing Input File: /Volumes/konsistent/server/ed_test/mistika-testing/INPUT/TOP_FOLDER/FOLDER_2/tst0020_cp01_v0002.mov?root=/Volumes/konsistent/server/ed_test/mistika-testing/INPUT/&format=[path][baseName][.frame][.ext]
2025.11.10 15:43:41.440|Info|watchfolder_prores_encode|ProResConvertDNX_HS_4k_10bit_23fps_ST3SG2mov|Processing Audio From File: /Volumes/konsistent/server/ed_test/mistika-testing/INPUT/TOP_FOLDER/FOLDER_2/tst0020_cp01_v0002.mov?root=/Volumes/konsistent/server/ed_test/mistika-testing/INPUT/&format=[path][baseName][.frame][.ext]
2025.11.10 15:43:41.466|Info|watchfolder_prores_encode|ProResConvertDNX_HS_4k_10bit_23fps_ST3SG2mov|Transcoding from EDL: None
2025.11.10 15:43:41.466|Info|watchfolder_prores_encode|ProResConvertDNX_HS_4k_10bit_23fps_ST3SG2mov|Transcoding Info:From:tst0020_cp01_v0002:47.95:ItuBt 709:Rec709:To:tst0020_cp01_v0002.mov:47.95:ItuBt 709:Rec709:None
2025.11.10 15:43:50.861|Info|watchfolder_prores_encode|ProResConvertDNX_HS_4k_10bit_23fps_ST3SG2mov|Processing Input File: /Volumes/konsistent/server/ed_test/mistika-testing/INPUT/TOP_FOLDER/FOLDER_2/tst0020_cp01_v0002.png?root=/Volumes/konsistent/server/ed_test/mistika-testing/INPUT/&format=[path][baseName][.frame][.ext]
2025.11.10 15:43:50.899|Info|watchfolder_prores_encode|ProResConvertDNX_HS_4k_10bit_23fps_ST3SG2mov|Transcoding from EDL: None
2025.11.10 15:43:50.899|Info|watchfolder_prores_encode|ProResConvertDNX_HS_4k_10bit_23fps_ST3SG2mov|Transcoding Info:From:tst0020_cp01_v0002:23.98:None:None:To:tst0020_cp01_v0002.mov:23.98:None:None:None
2025.11.10 15:43:52.667|Info|watchfolder_prores_encode|ProResConvertDNX_HS_4k_10bit_23fps_ST3SG2mov|Processing Input File: /Volumes/konsistent/server/ed_test/mistika-testing/INPUT/TOP_FOLDER/FOLDER_2/tst0030_rf01_v0002.mov?root=/Volumes/konsistent/server/ed_test/mistika-testing/INPUT/&format=[path][baseName][.frame][.ext]
2025.11.10 15:43:52.706|Info|watchfolder_prores_encode|ProResConvertDNX_HS_4k_10bit_23fps_ST3SG2mov|Processing Audio From File: /Volumes/konsistent/server/ed_test/mistika-testing/INPUT/TOP_FOLDER/FOLDER_2/tst0030_rf01_v0002.mov?root=/Volumes/konsistent/server/ed_test/mistika-testing/INPUT/&format=[path][baseName][.frame][.ext]
2025.11.10 15:43:52.727|Info|watchfolder_prores_encode|ProResConvertDNX_HS_4k_10bit_23fps_ST3SG2mov|Transcoding from EDL: None
2025.11.10 15:43:52.727|Info|watchfolder_prores_encode|ProResConvertDNX_HS_4k_10bit_23fps_ST3SG2mov|Transcoding Info:From:tst0030_rf01_v0002:47.95:ItuBt 709:Rec709:To:tst0030_rf01_v0002.mov:47.95:ItuBt 709:Rec709:None
2025.11.10 15:44:01.053|Info|watchfolder_prores_encode|ProResConvertDNX_HS_4k_10bit_23fps_ST3SG2mov|Processing Input File: /Volumes/konsistent/server/ed_test/mistika-testing/INPUT/TOP_FOLDER/FOLDER_2/tst0030_rf01_v0002.png?root=/Volumes/konsistent/server/ed_test/mistika-testing/INPUT/&format=[path][baseName][.frame][.ext]
2025.11.10 15:44:01.093|Info|watchfolder_prores_encode|ProResConvertDNX_HS_4k_10bit_23fps_ST3SG2mov|Transcoding from EDL: None
2025.11.10 15:44:01.093|Info|watchfolder_prores_encode|ProResConvertDNX_HS_4k_10bit_23fps_ST3SG2mov|Transcoding Info:From:tst0030_rf01_v0002:23.98:None:None:To:tst0030_rf01_v0002.mov:23.98:None:None:None
2025.11.10 15:44:02.456|Info|watchfolder_prores_encode|ProResConvertDNX_HS_4k_10bit_23fps_ST3SG2mov|Processing Input File: /Volumes/konsistent/server/ed_test/mistika-testing/INPUT/TOP_FOLDER/XR0001_20250312.ale?root=/Volumes/konsistent/server/ed_test/mistika-testing/INPUT/&format=[path][baseName][.frame][.ext]
2025.11.10 15:44:02.474|Critical Error|watchfolder_prores_encode|ProResConvertDNX_HS_4k_10bit_23fps_ST3SG2mov|input video not found
2025.11.10 15:44:02.474|Critical Error|watchfolder_prores_encode|ProResConvertDNX_HS_4k_10bit_23fps_ST3SG2mov|Unable to create Render Group
2025.11.10 15:44:02.474|Critical Error|watchfolder_prores_encode|ProResConvertDNX_HS_4k_10bit_23fps_ST3SG2mov|Unable to create Render Group
2025.11.10 15:44:02.484|Info|watchfolder_prores_encode|ProResConvertDNX_HS_4k_10bit_23fps_ST3SG2mov|Processing Input File: /Volumes/konsistent/server/ed_test/mistika-testing/INPUT/TOP_FOLDER/tst0010_bg01_v0001.png?root=/Volumes/konsistent/server/ed_test/mistika-testing/INPUT/&format=[path][baseName][.frame][.ext]
2025.11.10 15:44:02.548|Info|watchfolder_prores_encode|ProResConvertDNX_HS_4k_10bit_23fps_ST3SG2mov|Transcoding from EDL: None
2025.11.10 15:44:02.548|Info|watchfolder_prores_encode|ProResConvertDNX_HS_4k_10bit_23fps_ST3SG2mov|Transcoding Info:From:tst0010_bg01_v0001:23.98:None:None:To:tst0010_bg01_v0001.mov:23.98:None:None:None
2025.11.10 15:44:03.826|Info|watchfolder_prores_encode|ProResConvertDNX_HS_4k_10bit_23fps_ST3SG2mov|Processing Input File: /Volumes/konsistent/server/ed_test/mistika-testing/INPUT/TOP_FOLDER/tst0020_cp01_v0001.mov?root=/Volumes/konsistent/server/ed_test/mistika-testing/INPUT/&format=[path][baseName][.frame][.ext]
2025.11.10 15:44:03.867|Info|watchfolder_prores_encode|ProResConvertDNX_HS_4k_10bit_23fps_ST3SG2mov|Processing Audio From File: /Volumes/konsistent/server/ed_test/mistika-testing/INPUT/TOP_FOLDER/tst0020_cp01_v0001.mov?root=/Volumes/konsistent/server/ed_test/mistika-testing/INPUT/&format=[path][baseName][.frame][.ext]
2025.11.10 15:44:03.893|Info|watchfolder_prores_encode|ProResConvertDNX_HS_4k_10bit_23fps_ST3SG2mov|Transcoding from EDL: None
2025.11.10 15:44:03.893|Info|watchfolder_prores_encode|ProResConvertDNX_HS_4k_10bit_23fps_ST3SG2mov|Transcoding Info:From:tst0020_cp01_v0001:47.95:ItuBt 709:Rec709:To:tst0020_cp01_v0001.mov:47.95:ItuBt 709:Rec709:None
2025.11.10 15:44:12.124|Info|watchfolder_prores_encode|ProResConvertDNX_HS_4k_10bit_23fps_ST3SG2mov|Processing Input File: /Volumes/konsistent/server/ed_test/mistika-testing/INPUT/TOP_FOLDER/tst0020_cp01_v0001.png?root=/Volumes/konsistent/server/ed_test/mistika-testing/INPUT/&format=[path][baseName][.frame][.ext]
2025.11.10 15:44:12.161|Info|watchfolder_prores_encode|ProResConvertDNX_HS_4k_10bit_23fps_ST3SG2mov|Transcoding from EDL: None
2025.11.10 15:44:12.162|Info|watchfolder_prores_encode|ProResConvertDNX_HS_4k_10bit_23fps_ST3SG2mov|Transcoding Info:From:tst0020_cp01_v0001:23.98:None:None:To:tst0020_cp01_v0001.mov:23.98:None:None:None
2025.11.10 15:44:15.180|Info|watchfolder_prores_encode|ProResConvertDNX_HS_4k_10bit_23fps_ST3SG2mov|Processing Input File: /Volumes/konsistent/server/ed_test/mistika-testing/INPUT/TOP_FOLDER/tst0030_rf01_v0001.mov?root=/Volumes/konsistent/server/ed_test/mistika-testing/INPUT/&format=[path][baseName][.frame][.ext]
2025.11.10 15:44:15.224|Info|watchfolder_prores_encode|ProResConvertDNX_HS_4k_10bit_23fps_ST3SG2mov|Processing Audio From File: /Volumes/konsistent/server/ed_test/mistika-testing/INPUT/TOP_FOLDER/tst0030_rf01_v0001.mov?root=/Volumes/konsistent/server/ed_test/mistika-testing/INPUT/&format=[path][baseName][.frame][.ext]
2025.11.10 15:44:15.251|Info|watchfolder_prores_encode|ProResConvertDNX_HS_4k_10bit_23fps_ST3SG2mov|Transcoding from EDL: None
2025.11.10 15:44:15.251|Info|watchfolder_prores_encode|ProResConvertDNX_HS_4k_10bit_23fps_ST3SG2mov|Transcoding Info:From:tst0030_rf01_v0001:47.95:ItuBt 709:Rec709:To:tst0030_rf01_v0001.mov:47.95:ItuBt 709:Rec709:None
2025.11.10 15:44:22.346|Info|watchfolder_prores_encode|ProResConvertDNX_HS_4k_10bit_23fps_ST3SG2mov|Processing Input File: /Volumes/konsistent/server/ed_test/mistika-testing/INPUT/TOP_FOLDER/tst0030_rf01_v0001.png?root=/Volumes/konsistent/server/ed_test/mistika-testing/INPUT/&format=[path][baseName][.frame][.ext]
2025.11.10 15:44:22.380|Info|watchfolder_prores_encode|ProResConvertDNX_HS_4k_10bit_23fps_ST3SG2mov|Transcoding from EDL: None
2025.11.10 15:44:22.381|Info|watchfolder_prores_encode|ProResConvertDNX_HS_4k_10bit_23fps_ST3SG2mov|Transcoding Info:From:tst0030_rf01_v0001:23.98:None:None:To:tst0030_rf01_v0001.mov:23.98:None:None:None
2025.11.10 15:44:25.477|Info|watchfolder_prores_encode|watchfolder_prores_encode|Rendering S3Out
2025.11.10 15:45:03.916|Info|watchfolder_prores_encode|watchfolder_prores_encode|Rendering MoveProcessedFiles
2025.11.10 15:45:05.868|Info|watchfolder_prores_encode|watchfolder_prores_encode|watchfolder_prores_encode Finished
2025.11.10 15:45:05.891|Info|watchfolder_prores_encode|watchfolder_prores_encode|watchfolder_prores_encode: Workflow Failed
